<?xml version="1.0" encoding="UTF-8"?>
<testsuite xmlns:xsi="http://www.w3.org/2001/XMLSchema-instance" xsi:noNamespaceSchemaLocation="https://maven.apache.org/surefire/maven-surefire-plugin/xsd/surefire-test-report-3.0.xsd" version="3.0" name="com.verifactu.web.controller.EmergencyControllerSecurityTest" time="1.57" tests="3" errors="0" skipped="0" failures="0">
  <properties>
[...]
</properties>
  <testcase name="unauthenticatedUserShouldGet401" classname="com.verifactu.web.controller.EmergencyControllerSecurityTest" time="0.094">
    <system-out><![CDATA[2025-12-14T19:07:41.322+01:00  INFO 12920 --- [           main] t.c.s.AnnotationConfigContextLoaderUtils : Could not detect default configuration classes for test class [com.verifactu.web.controller.EmergencyControllerSecurityTest]: EmergencyControllerSecurityTest does not declare any static, non-private, non-final, nested classes annotated with @Configuration.
2025-12-14T19:07:41.348+01:00  INFO 12920 --- [           main] .b.t.c.SpringBootTestContextBootstrapper : Found @SpringBootConfiguration com.verifactu.VerifactuBackendApplication for test class com.verifactu.web.controller.EmergencyControllerSecurityTest

  .   ____          _            __ _ _
 /\\ / ___'_ __ _ _(_)_ __  __ _ \ \ \ \
( ( )\___ | '_ | '_| | '_ \/ _` | \ \ \ \
 \\/  ___)| |_)| | | | | || (_| |  ) ) ) )
  '  |____| .__|_| |_|_| |_\__, | / / / /
 =========|_|==============|___/=/_/_/_/
 :: Spring Boot ::                (v3.2.0)

2025-12-14T19:07:41.378+01:00  INFO 12920 --- [           main] c.v.w.c.EmergencyControllerSecurityTest  : Starting EmergencyControllerSecurityTest using Java 21.0.6 with PID 12920 (started by Admin in C:\Users\Admin\Documents\verifactu java\Github)
2025-12-14T19:07:41.378+01:00  INFO 12920 --- [           main] c.v.w.c.EmergencyControllerSecurityTest  : The following 1 profile is active: "test"
2025-12-14T19:07:41.664+01:00  INFO 12920 --- [           main] .s.d.r.c.RepositoryConfigurationDelegate : Bootstrapping Spring Data JPA repositories in DEFAULT mode.
2025-12-14T19:07:41.676+01:00  INFO 12920 --- [           main] .s.d.r.c.RepositoryConfigurationDelegate : Finished Spring Data repository scanning in 13 ms. Found 2 JPA repository interfaces.
2025-12-14T19:07:41.740+01:00  WARN 12920 --- [           main] trationDelegate$BeanPostProcessorChecker : Bean 'org.springframework.ws.config.annotation.DelegatingWsConfiguration' of type [org.springframework.ws.config.annotation.DelegatingWsConfiguration$$SpringCGLIB$$0] is not eligible for getting processed by all BeanPostProcessors (for example: not eligible for auto-proxying). The currently created BeanPostProcessor [annotationActionEndpointMapping] is declared through a non-static factory method on that class; consider declaring it as static instead.
2025-12-14T19:07:41.741+01:00  INFO 12920 --- [           main] .w.s.a.s.AnnotationActionEndpointMapping : Supporting [WS-Addressing August 2004, WS-Addressing 1.0]
2025-12-14T19:07:41.762+01:00  WARN 12920 --- [           main] trationDelegate$BeanPostProcessorChecker : Bean 'replay4j-com.optifices.replay4j.spring.ReplayProperties' of type [com.optifices.replay4j.spring.ReplayProperties] is not eligible for getting processed by all BeanPostProcessors (for example: not eligible for auto-proxying). Is this bean getting eagerly injected into a currently created BeanPostProcessor [replayDataSourceBeanPostProcessor]? Check the corresponding BeanPostProcessor declaration and its dependencies.

╔═══════════════════════════════════════════════╗
║            Replay4J Spring Boot               ║
║      ⚡ Time-Travel Debugging for Java        ║
║                  v1.0.0                       ║
╚═══════════════════════════════════════════════╝

[Replay4J] Mode: OFF
[Replay4J] Data Dir: replay-data
[Replay4J] Console: /actuator/replay4j-console
2025-12-14T19:07:41.763+01:00  WARN 12920 --- [           main] trationDelegate$BeanPostProcessorChecker : Bean 'com.optifices.replay4j.spring.ReplayAutoConfiguration' of type [com.optifices.replay4j.spring.ReplayAutoConfiguration$$SpringCGLIB$$0] is not eligible for getting processed by all BeanPostProcessors (for example: not eligible for auto-proxying). The currently created BeanPostProcessor [replayDataSourceBeanPostProcessor] is declared through a non-static factory method on that class; consider declaring it as static instead.
2025-12-14T19:07:41.809+01:00  INFO 12920 --- [           main] o.hibernate.jpa.internal.util.LogHelper  : HHH000204: Processing PersistenceUnitInfo [name: default]
2025-12-14T19:07:41.814+01:00  INFO 12920 --- [           main] o.h.c.internal.RegionFactoryInitiator    : HHH000026: Second-level cache disabled
2025-12-14T19:07:41.817+01:00  INFO 12920 --- [           main] o.s.o.j.p.SpringPersistenceUnitInfo      : No LoadTimeWeaver setup: ignoring JPA class transformer
2025-12-14T19:07:41.818+01:00  INFO 12920 --- [           main] com.zaxxer.hikari.HikariDataSource       : HikariPool-2 - Starting...
2025-12-14T19:07:41.819+01:00  INFO 12920 --- [           main] com.zaxxer.hikari.pool.HikariPool        : HikariPool-2 - Added connection conn10: url=jdbc:h2:mem:verifactu_test user=SA
2025-12-14T19:07:41.819+01:00  INFO 12920 --- [           main] com.zaxxer.hikari.HikariDataSource       : HikariPool-2 - Start completed.
2025-12-14T19:07:41.819+01:00  WARN 12920 --- [           main] org.hibernate.orm.deprecation            : HHH90000025: H2Dialect does not need to be specified explicitly using 'hibernate.dialect' (remove the property setting and it will be selected by default)
2025-12-14T19:07:41.874+01:00  INFO 12920 --- [           main] o.h.e.t.j.p.i.JtaPlatformInitiator       : HHH000489: No JTA platform available (set 'hibernate.transaction.jta.platform' to enable JTA platform integration)
Hibernate: 
    drop table if exists facturas_verifactu cascade 
Hibernate: 
    drop table if exists logs_envio_aeat cascade 
Hibernate: 
    create table facturas_verifactu (
        base_imponible numeric(19,2),
        cuota_total numeric(19,2),
        fecha_expedicion date,
        importe_total numeric(19,2),
        intentos_envio integer not null,
        fecha_creacion timestamp(6),
        fecha_generacion_huella timestamp(6) with time zone not null,
        fecha_modificacion timestamp(6),
        id bigint generated by default as identity,
        numero_factura varchar(60) not null,
        serie_factura varchar(60) not null,
        anterior_hash varchar(64) not null,
        registro_hash varchar(64) not null unique,
        csv_respuesta varchar(100),
        motivo_rechazo varchar(1500),
        estado varchar(255) not null check (estado in ('BORRADOR','FIRMADA','ENVIADA','ACEPTADA','ACEPTADA_CON_ERRORES','RECHAZADA','PENDIENTE_ENVIO','ERROR_DEFINITIVO','ENVIADA_OK','PENDIENTE_REINTENTO')),
        tipo_operacion varchar(255) not null check (tipo_operacion in ('ALTA','ANULACION','INICIO_SISTEMA','FIN_SISTEMA','SUBSANACION')),
        firma_xml clob not null,
        primary key (id)
    )
Hibernate: 
    create table logs_envio_aeat (
        factura_id bigint not null,
        fecha_evento timestamp(6) not null,
        id bigint generated by default as identity,
        mensaje varchar(500),
        tipo varchar(255) not null check (tipo in ('ENVIO_AEAT','RESPUESTA_AEAT','ERROR_RED','ERROR_INTERNO')),
        payload_xml clob,
        primary key (id)
    )
Hibernate: 
    alter table if exists logs_envio_aeat 
       add constraint FK7myo4c23sichfhftco006ygs0 
       foreign key (factura_id) 
       references facturas_verifactu
2025-12-14T19:07:41.884+01:00  INFO 12920 --- [           main] j.LocalContainerEntityManagerFactoryBean : Initialized JPA EntityManagerFactory for persistence unit 'default'
2025-12-14T19:07:42.118+01:00  INFO 12920 --- [           main] o.s.ws.soap.saaj.SaajSoapMessageFactory  : Creating SAAJ 1.3 MessageFactory with SOAP 1.1 Protocol
2025-12-14T19:07:42.159+01:00  WARN 12920 --- [           main] JpaBaseConfiguration$JpaWebConfiguration : spring.jpa.open-in-view is enabled by default. Therefore, database queries may be performed during view rendering. Explicitly configure spring.jpa.open-in-view to disable this warning
[Replay4J] Health indicator registered
[Replay4J] ⚡ Flashback Console: /actuator/replay4j-console
[Replay4J] 📼 Tape Management: /actuator/replay-tape
[Replay4J] Micrometer metrics enabled
[Replay4J] Stats endpoint: /actuator/replay4j
[Replay4J] Info contributor registered
2025-12-14T19:07:42.354+01:00  INFO 12920 --- [           main] o.s.b.a.e.web.EndpointLinksResolver      : Exposing 3 endpoint(s) beneath base path '/actuator'
2025-12-14T19:07:42.376+01:00  INFO 12920 --- [           main] o.s.s.web.DefaultSecurityFilterChain     : Will secure any request with [org.springframework.security.web.session.DisableEncodeUrlFilter@415c790e, org.springframework.security.web.context.request.async.WebAsyncManagerIntegrationFilter@5756611d, org.springframework.security.web.context.SecurityContextHolderFilter@729c251b, org.springframework.security.web.header.HeaderWriterFilter@25ae8911, org.springframework.web.filter.CorsFilter@6b0a37a5, org.springframework.security.web.authentication.logout.LogoutFilter@12f40682, org.springframework.security.web.authentication.www.BasicAuthenticationFilter@56a4969b, org.springframework.security.web.savedrequest.RequestCacheAwareFilter@1e6311b2, org.springframework.security.web.servletapi.SecurityContextHolderAwareRequestFilter@747fa2b5, org.springframework.security.web.authentication.AnonymousAuthenticationFilter@71fcdd48, org.springframework.security.web.access.ExceptionTranslationFilter@30f047d2, org.springframework.security.web.access.intercept.AuthorizationFilter@569fc8ac]
2025-12-14T19:07:42.670+01:00  INFO 12920 --- [           main] o.s.b.t.m.w.SpringBootMockServletContext : Initializing Spring TestDispatcherServlet ''
2025-12-14T19:07:42.670+01:00  INFO 12920 --- [           main] o.s.t.web.servlet.TestDispatcherServlet  : Initializing Servlet ''
2025-12-14T19:07:42.671+01:00  INFO 12920 --- [           main] o.s.t.web.servlet.TestDispatcherServlet  : Completed initialization in 1 ms
2025-12-14T19:07:42.693+01:00  INFO 12920 --- [   scheduling-1] com.verifactu.job.AeatRetryScheduler     : Iniciando Job de Reintento de Facturas Pendientes...
2025-12-14T19:07:42.693+01:00  INFO 12920 --- [           main] c.v.w.c.EmergencyControllerSecurityTest  : Started EmergencyControllerSecurityTest in 1.342 seconds (process running for 13.289)
Hibernate: 
    select
        fv1_0.id,
        fv1_0.anterior_hash,
        fv1_0.base_imponible,
        fv1_0.csv_respuesta,
        fv1_0.cuota_total,
        fv1_0.estado,
        fv1_0.fecha_creacion,
        fv1_0.fecha_expedicion,
        fv1_0.fecha_generacion_huella,
        fv1_0.fecha_modificacion,
        fv1_0.firma_xml,
        fv1_0.importe_total,
        fv1_0.intentos_envio,
        fv1_0.motivo_rechazo,
        fv1_0.numero_factura,
        fv1_0.registro_hash,
        fv1_0.serie_factura,
        fv1_0.tipo_operacion 
    from
        facturas_verifactu fv1_0 
    where
        fv1_0.estado=? 
    offset
        ? rows 
    fetch
        first ? rows only
2025-12-14T19:07:42.698+01:00  INFO 12920 --- [   scheduling-1] com.verifactu.job.AeatRetryScheduler     : Job de Reintento Finalizado.
2025-12-14T19:07:42.748+01:00  WARN 12920 --- [           main] o.s.w.s.h.HandlerMappingIntrospector     : Cache miss for REQUEST dispatch to '/admin/emergency/seed-chain' (previous null). Performing CorsConfiguration lookup. This is logged once only at WARN level, and every time at TRACE.
]]></system-out>
  </testcase>
  <testcase name="adminUserShouldBeAllowed" classname="com.verifactu.web.controller.EmergencyControllerSecurityTest" time="0.094">
    <system-out><![CDATA[2025-12-14T19:07:42.849+01:00  WARN 12920 --- [           main] c.v.web.controller.EmergencyController   : EMERGENCY ACTION: Seeding chain manually with Hash: dummyHash
Hibernate: 
    insert 
    into
        facturas_verifactu
        (anterior_hash, base_imponible, csv_respuesta, cuota_total, estado, fecha_creacion, fecha_expedicion, fecha_generacion_huella, fecha_modificacion, firma_xml, importe_total, intentos_envio, motivo_rechazo, numero_factura, registro_hash, serie_factura, tipo_operacion, id) 
    values
        (?, ?, ?, ?, ?, ?, ?, ?, ?, ?, ?, ?, ?, ?, ?, ?, ?, default)
]]></system-out>
  </testcase>
  <testcase name="simpleUserShouldGet403" classname="com.verifactu.web.controller.EmergencyControllerSecurityTest" time="0.004"/>
</testsuite>