<?xml version="1.0" encoding="UTF-8"?>
<testsuite xmlns:xsi="http://www.w3.org/2001/XMLSchema-instance" xsi:noNamespaceSchemaLocation="https://maven.apache.org/surefire/maven-surefire-plugin/xsd/surefire-test-report-3.0.xsd" version="3.0" name="com.verifactu.ConcurrencyIntegrationTest" time="11.162" tests="1" errors="0" skipped="0" failures="0">
  <properties>
[...]
</properties>
  <testcase name="testConcurrencySafety" classname="com.verifactu.ConcurrencyIntegrationTest" time="0.768">
    <system-out><![CDATA[19:07:30.049 [main] INFO org.springframework.test.context.support.AnnotationConfigContextLoaderUtils -- Could not detect default configuration classes for test class [com.verifactu.ConcurrencyIntegrationTest]: ConcurrencyIntegrationTest does not declare any static, non-private, non-final, nested classes annotated with @Configuration.
19:07:30.150 [main] INFO org.springframework.boot.test.context.SpringBootTestContextBootstrapper -- Found @SpringBootConfiguration com.verifactu.VerifactuBackendApplication for test class com.verifactu.ConcurrencyIntegrationTest

  .   ____          _            __ _ _
 /\\ / ___'_ __ _ _(_)_ __  __ _ \ \ \ \
( ( )\___ | '_ | '_| | '_ \/ _` | \ \ \ \
 \\/  ___)| |_)| | | | | || (_| |  ) ) ) )
  '  |____| .__|_| |_|_| |_\__, | / / / /
 =========|_|==============|___/=/_/_/_/
 :: Spring Boot ::                (v3.2.0)

2025-12-14T19:07:30.523+01:00  INFO 12920 --- [           main] c.verifactu.ConcurrencyIntegrationTest   : Starting ConcurrencyIntegrationTest using Java 21.0.6 with PID 12920 (started by Admin in C:\Users\Admin\Documents\verifactu java\Github)
2025-12-14T19:07:30.524+01:00  INFO 12920 --- [           main] c.verifactu.ConcurrencyIntegrationTest   : The following 1 profile is active: "test"
2025-12-14T19:07:31.609+01:00  INFO 12920 --- [           main] .s.d.r.c.RepositoryConfigurationDelegate : Bootstrapping Spring Data JPA repositories in DEFAULT mode.
2025-12-14T19:07:31.661+01:00  INFO 12920 --- [           main] .s.d.r.c.RepositoryConfigurationDelegate : Finished Spring Data repository scanning in 44 ms. Found 2 JPA repository interfaces.
2025-12-14T19:07:33.218+01:00  WARN 12920 --- [           main] trationDelegate$BeanPostProcessorChecker : Bean 'org.springframework.ws.config.annotation.DelegatingWsConfiguration' of type [org.springframework.ws.config.annotation.DelegatingWsConfiguration$$SpringCGLIB$$0] is not eligible for getting processed by all BeanPostProcessors (for example: not eligible for auto-proxying). The currently created BeanPostProcessor [annotationActionEndpointMapping] is declared through a non-static factory method on that class; consider declaring it as static instead.
2025-12-14T19:07:33.314+01:00  INFO 12920 --- [           main] .w.s.a.s.AnnotationActionEndpointMapping : Supporting [WS-Addressing August 2004, WS-Addressing 1.0]
2025-12-14T19:07:33.726+01:00  WARN 12920 --- [           main] trationDelegate$BeanPostProcessorChecker : Bean 'replay4j-com.optifices.replay4j.spring.ReplayProperties' of type [com.optifices.replay4j.spring.ReplayProperties] is not eligible for getting processed by all BeanPostProcessors (for example: not eligible for auto-proxying). Is this bean getting eagerly injected into a currently created BeanPostProcessor [replayDataSourceBeanPostProcessor]? Check the corresponding BeanPostProcessor declaration and its dependencies.

╔═══════════════════════════════════════════════╗
║            Replay4J Spring Boot               ║
║      ⚡ Time-Travel Debugging for Java        ║
║                  v1.0.0                       ║
╚═══════════════════════════════════════════════╝

[Replay4J] Mode: OFF
[Replay4J] Data Dir: replay-data
[Replay4J] Console: /actuator/replay4j-console
2025-12-14T19:07:33.726+01:00  WARN 12920 --- [           main] trationDelegate$BeanPostProcessorChecker : Bean 'com.optifices.replay4j.spring.ReplayAutoConfiguration' of type [com.optifices.replay4j.spring.ReplayAutoConfiguration$$SpringCGLIB$$0] is not eligible for getting processed by all BeanPostProcessors (for example: not eligible for auto-proxying). The currently created BeanPostProcessor [replayDataSourceBeanPostProcessor] is declared through a non-static factory method on that class; consider declaring it as static instead.
2025-12-14T19:07:34.226+01:00  INFO 12920 --- [           main] o.hibernate.jpa.internal.util.LogHelper  : HHH000204: Processing PersistenceUnitInfo [name: default]
2025-12-14T19:07:34.329+01:00  INFO 12920 --- [           main] org.hibernate.Version                    : HHH000412: Hibernate ORM core version 6.3.1.Final
2025-12-14T19:07:34.410+01:00  INFO 12920 --- [           main] o.h.c.internal.RegionFactoryInitiator    : HHH000026: Second-level cache disabled
2025-12-14T19:07:34.626+01:00  INFO 12920 --- [           main] o.s.o.j.p.SpringPersistenceUnitInfo      : No LoadTimeWeaver setup: ignoring JPA class transformer
2025-12-14T19:07:34.658+01:00  INFO 12920 --- [           main] com.zaxxer.hikari.HikariDataSource       : HikariPool-1 - Starting...
2025-12-14T19:07:34.849+01:00  INFO 12920 --- [           main] com.zaxxer.hikari.pool.HikariPool        : HikariPool-1 - Added connection conn0: url=jdbc:h2:mem:verifactu_test user=SA
2025-12-14T19:07:34.850+01:00  INFO 12920 --- [           main] com.zaxxer.hikari.HikariDataSource       : HikariPool-1 - Start completed.
2025-12-14T19:07:34.873+01:00  WARN 12920 --- [           main] org.hibernate.orm.deprecation            : HHH90000025: H2Dialect does not need to be specified explicitly using 'hibernate.dialect' (remove the property setting and it will be selected by default)
2025-12-14T19:07:35.510+01:00  INFO 12920 --- [           main] o.h.e.t.j.p.i.JtaPlatformInitiator       : HHH000489: No JTA platform available (set 'hibernate.transaction.jta.platform' to enable JTA platform integration)
Hibernate: 
    drop table if exists facturas_verifactu cascade 
Hibernate: 
    drop table if exists logs_envio_aeat cascade 
Hibernate: 
    create table facturas_verifactu (
        base_imponible numeric(19,2),
        cuota_total numeric(19,2),
        fecha_expedicion date,
        importe_total numeric(19,2),
        intentos_envio integer not null,
        fecha_creacion timestamp(6),
        fecha_generacion_huella timestamp(6) with time zone not null,
        fecha_modificacion timestamp(6),
        id bigint generated by default as identity,
        numero_factura varchar(60) not null,
        serie_factura varchar(60) not null,
        anterior_hash varchar(64) not null,
        registro_hash varchar(64) not null unique,
        csv_respuesta varchar(100),
        motivo_rechazo varchar(1500),
        estado varchar(255) not null check (estado in ('BORRADOR','FIRMADA','ENVIADA','ACEPTADA','ACEPTADA_CON_ERRORES','RECHAZADA','PENDIENTE_ENVIO','ERROR_DEFINITIVO','ENVIADA_OK','PENDIENTE_REINTENTO')),
        tipo_operacion varchar(255) not null check (tipo_operacion in ('ALTA','ANULACION','INICIO_SISTEMA','FIN_SISTEMA','SUBSANACION')),
        firma_xml clob not null,
        primary key (id)
    )
Hibernate: 
    create table logs_envio_aeat (
        factura_id bigint not null,
        fecha_evento timestamp(6) not null,
        id bigint generated by default as identity,
        mensaje varchar(500),
        tipo varchar(255) not null check (tipo in ('ENVIO_AEAT','RESPUESTA_AEAT','ERROR_RED','ERROR_INTERNO')),
        payload_xml clob,
        primary key (id)
    )
Hibernate: 
    alter table if exists logs_envio_aeat 
       add constraint FK7myo4c23sichfhftco006ygs0 
       foreign key (factura_id) 
       references facturas_verifactu
2025-12-14T19:07:35.568+01:00  INFO 12920 --- [           main] j.LocalContainerEntityManagerFactoryBean : Initialized JPA EntityManagerFactory for persistence unit 'default'
2025-12-14T19:07:35.606+01:00 ERROR 12920 --- [           main] c.v.s.security.KeyStoreReloadService     : Error crítico cargando KeyStore: 

java.io.FileNotFoundException: dummy-path (El sistema no puede encontrar el archivo especificado)
	at java.base/java.io.FileInputStream.open0(Native Method) ~[na:na]
	at java.base/java.io.FileInputStream.open(FileInputStream.java:213) ~[na:na]
	at java.base/java.io.FileInputStream.<init>(FileInputStream.java:152) ~[na:na]
	at java.base/java.io.FileInputStream.<init>(FileInputStream.java:106) ~[na:na]
	at com.verifactu.service.security.KeyStoreReloadService.reloadKeyStore(KeyStoreReloadService.java:36) ~[classes/:na]
	at com.verifactu.service.security.KeyStoreReloadService.init(KeyStoreReloadService.java:28) ~[classes/:na]
	at java.base/jdk.internal.reflect.DirectMethodHandleAccessor.invoke(DirectMethodHandleAccessor.java:103) ~[na:na]
	at java.base/java.lang.reflect.Method.invoke(Method.java:580) ~[na:na]
	at org.springframework.beans.factory.annotation.InitDestroyAnnotationBeanPostProcessor$LifecycleMethod.invoke(InitDestroyAnnotationBeanPostProcessor.java:457) ~[spring-beans-6.1.1.jar:6.1.1]
	at org.springframework.beans.factory.annotation.InitDestroyAnnotationBeanPostProcessor$LifecycleMetadata.invokeInitMethods(InitDestroyAnnotationBeanPostProcessor.java:401) ~[spring-beans-6.1.1.jar:6.1.1]
	at org.springframework.beans.factory.annotation.InitDestroyAnnotationBeanPostProcessor.postProcessBeforeInitialization(InitDestroyAnnotationBeanPostProcessor.java:219) ~[spring-beans-6.1.1.jar:6.1.1]
	at org.springframework.beans.factory.support.AbstractAutowireCapableBeanFactory.applyBeanPostProcessorsBeforeInitialization(AbstractAutowireCapableBeanFactory.java:421) ~[spring-beans-6.1.1.jar:6.1.1]
	at org.springframework.beans.factory.support.AbstractAutowireCapableBeanFactory.initializeBean(AbstractAutowireCapableBeanFactory.java:1767) ~[spring-beans-6.1.1.jar:6.1.1]
	at org.springframework.beans.factory.support.AbstractAutowireCapableBeanFactory.doCreateBean(AbstractAutowireCapableBeanFactory.java:601) ~[spring-beans-6.1.1.jar:6.1.1]
	at org.springframework.beans.factory.support.AbstractAutowireCapableBeanFactory.createBean(AbstractAutowireCapableBeanFactory.java:523) ~[spring-beans-6.1.1.jar:6.1.1]
	at org.springframework.beans.factory.support.AbstractBeanFactory.lambda$doGetBean$0(AbstractBeanFactory.java:325) ~[spring-beans-6.1.1.jar:6.1.1]
	at org.springframework.beans.factory.support.DefaultSingletonBeanRegistry.getSingleton(DefaultSingletonBeanRegistry.java:234) ~[spring-beans-6.1.1.jar:6.1.1]
	at org.springframework.beans.factory.support.AbstractBeanFactory.doGetBean(AbstractBeanFactory.java:323) ~[spring-beans-6.1.1.jar:6.1.1]
	at org.springframework.beans.factory.support.AbstractBeanFactory.getBean(AbstractBeanFactory.java:199) ~[spring-beans-6.1.1.jar:6.1.1]
	at org.springframework.beans.factory.config.DependencyDescriptor.resolveCandidate(DependencyDescriptor.java:254) ~[spring-beans-6.1.1.jar:6.1.1]
	at org.springframework.beans.factory.support.DefaultListableBeanFactory.doResolveDependency(DefaultListableBeanFactory.java:1441) ~[spring-beans-6.1.1.jar:6.1.1]
	at org.springframework.beans.factory.support.DefaultListableBeanFactory.resolveDependency(DefaultListableBeanFactory.java:1348) ~[spring-beans-6.1.1.jar:6.1.1]
	at org.springframework.beans.factory.annotation.AutowiredAnnotationBeanPostProcessor$AutowiredFieldElement.resolveFieldValue(AutowiredAnnotationBeanPostProcessor.java:769) ~[spring-beans-6.1.1.jar:6.1.1]
	at org.springframework.beans.factory.annotation.AutowiredAnnotationBeanPostProcessor$AutowiredFieldElement.inject(AutowiredAnnotationBeanPostProcessor.java:752) ~[spring-beans-6.1.1.jar:6.1.1]
	at org.springframework.beans.factory.annotation.InjectionMetadata.inject(InjectionMetadata.java:145) ~[spring-beans-6.1.1.jar:6.1.1]
	at org.springframework.beans.factory.annotation.AutowiredAnnotationBeanPostProcessor.postProcessProperties(AutowiredAnnotationBeanPostProcessor.java:493) ~[spring-beans-6.1.1.jar:6.1.1]
	at org.springframework.beans.factory.support.AbstractAutowireCapableBeanFactory.populateBean(AbstractAutowireCapableBeanFactory.java:1420) ~[spring-beans-6.1.1.jar:6.1.1]
	at org.springframework.beans.factory.support.AbstractAutowireCapableBeanFactory.doCreateBean(AbstractAutowireCapableBeanFactory.java:600) ~[spring-beans-6.1.1.jar:6.1.1]
	at org.springframework.beans.factory.support.AbstractAutowireCapableBeanFactory.createBean(AbstractAutowireCapableBeanFactory.java:523) ~[spring-beans-6.1.1.jar:6.1.1]
	at org.springframework.beans.factory.support.AbstractBeanFactory.lambda$doGetBean$0(AbstractBeanFactory.java:325) ~[spring-beans-6.1.1.jar:6.1.1]
	at org.springframework.beans.factory.support.DefaultSingletonBeanRegistry.getSingleton(DefaultSingletonBeanRegistry.java:234) ~[spring-beans-6.1.1.jar:6.1.1]
	at org.springframework.beans.factory.support.AbstractBeanFactory.doGetBean(AbstractBeanFactory.java:323) ~[spring-beans-6.1.1.jar:6.1.1]
	at org.springframework.beans.factory.support.AbstractBeanFactory.getBean(AbstractBeanFactory.java:199) ~[spring-beans-6.1.1.jar:6.1.1]
	at org.springframework.beans.factory.support.DefaultListableBeanFactory.preInstantiateSingletons(DefaultListableBeanFactory.java:973) ~[spring-beans-6.1.1.jar:6.1.1]
	at org.springframework.context.support.AbstractApplicationContext.finishBeanFactoryInitialization(AbstractApplicationContext.java:946) ~[spring-context-6.1.1.jar:6.1.1]
	at org.springframework.context.support.AbstractApplicationContext.refresh(AbstractApplicationContext.java:616) ~[spring-context-6.1.1.jar:6.1.1]
	at org.springframework.boot.SpringApplication.refresh(SpringApplication.java:753) ~[spring-boot-3.2.0.jar:3.2.0]
	at org.springframework.boot.SpringApplication.refreshContext(SpringApplication.java:455) ~[spring-boot-3.2.0.jar:3.2.0]
	at org.springframework.boot.SpringApplication.run(SpringApplication.java:323) ~[spring-boot-3.2.0.jar:3.2.0]
	at org.springframework.boot.test.context.SpringBootContextLoader.lambda$loadContext$3(SpringBootContextLoader.java:137) ~[spring-boot-test-3.2.0.jar:3.2.0]
	at org.springframework.util.function.ThrowingSupplier.get(ThrowingSupplier.java:58) ~[spring-core-6.1.1.jar:6.1.1]
	at org.springframework.util.function.ThrowingSupplier.get(ThrowingSupplier.java:46) ~[spring-core-6.1.1.jar:6.1.1]
	at org.springframework.boot.SpringApplication.withHook(SpringApplication.java:1442) ~[spring-boot-3.2.0.jar:3.2.0]
	at org.springframework.boot.test.context.SpringBootContextLoader$ContextLoaderHook.run(SpringBootContextLoader.java:552) ~[spring-boot-test-3.2.0.jar:3.2.0]
	at org.springframework.boot.test.context.SpringBootContextLoader.loadContext(SpringBootContextLoader.java:137) ~[spring-boot-test-3.2.0.jar:3.2.0]
	at org.springframework.boot.test.context.SpringBootContextLoader.loadContext(SpringBootContextLoader.java:108) ~[spring-boot-test-3.2.0.jar:3.2.0]
	at org.springframework.test.context.cache.DefaultCacheAwareContextLoaderDelegate.loadContextInternal(DefaultCacheAwareContextLoaderDelegate.java:225) ~[spring-test-6.1.1.jar:6.1.1]
	at org.springframework.test.context.cache.DefaultCacheAwareContextLoaderDelegate.loadContext(DefaultCacheAwareContextLoaderDelegate.java:152) ~[spring-test-6.1.1.jar:6.1.1]
	at org.springframework.test.context.support.DefaultTestContext.getApplicationContext(DefaultTestContext.java:130) ~[spring-test-6.1.1.jar:6.1.1]
	at org.springframework.test.context.web.ServletTestExecutionListener.setUpRequestContextIfNecessary(ServletTestExecutionListener.java:191) ~[spring-test-6.1.1.jar:6.1.1]
	at org.springframework.test.context.web.ServletTestExecutionListener.prepareTestInstance(ServletTestExecutionListener.java:130) ~[spring-test-6.1.1.jar:6.1.1]
	at org.springframework.test.context.TestContextManager.prepareTestInstance(TestContextManager.java:247) ~[spring-test-6.1.1.jar:6.1.1]
	at org.springframework.test.context.junit.jupiter.SpringExtension.postProcessTestInstance(SpringExtension.java:163) ~[spring-test-6.1.1.jar:6.1.1]
	at org.junit.jupiter.engine.descriptor.ClassBasedTestDescriptor.lambda$invokeTestInstancePostProcessors$10(ClassBasedTestDescriptor.java:378) ~[junit-jupiter-engine-5.10.1.jar:5.10.1]
	at org.junit.jupiter.engine.descriptor.ClassBasedTestDescriptor.executeAndMaskThrowable(ClassBasedTestDescriptor.java:383) ~[junit-jupiter-engine-5.10.1.jar:5.10.1]
	at org.junit.jupiter.engine.descriptor.ClassBasedTestDescriptor.lambda$invokeTestInstancePostProcessors$11(ClassBasedTestDescriptor.java:378) ~[junit-jupiter-engine-5.10.1.jar:5.10.1]
	at java.base/java.util.stream.ReferencePipeline$3$1.accept(ReferencePipeline.java:197) ~[na:na]
	at java.base/java.util.stream.ReferencePipeline$2$1.accept(ReferencePipeline.java:179) ~[na:na]
	at java.base/java.util.ArrayList$ArrayListSpliterator.forEachRemaining(ArrayList.java:1708) ~[na:na]
	at java.base/java.util.stream.AbstractPipeline.copyInto(AbstractPipeline.java:509) ~[na:na]
	at java.base/java.util.stream.AbstractPipeline.wrapAndCopyInto(AbstractPipeline.java:499) ~[na:na]
	at java.base/java.util.stream.StreamSpliterators$WrappingSpliterator.forEachRemaining(StreamSpliterators.java:310) ~[na:na]
	at java.base/java.util.stream.Streams$ConcatSpliterator.forEachRemaining(Streams.java:735) ~[na:na]
	at java.base/java.util.stream.Streams$ConcatSpliterator.forEachRemaining(Streams.java:734) ~[na:na]
	at java.base/java.util.stream.ReferencePipeline$Head.forEach(ReferencePipeline.java:762) ~[na:na]
	at org.junit.jupiter.engine.descriptor.ClassBasedTestDescriptor.invokeTestInstancePostProcessors(ClassBasedTestDescriptor.java:377) ~[junit-jupiter-engine-5.10.1.jar:5.10.1]
	at org.junit.jupiter.engine.descriptor.ClassBasedTestDescriptor.lambda$instantiateAndPostProcessTestInstance$6(ClassBasedTestDescriptor.java:290) ~[junit-jupiter-engine-5.10.1.jar:5.10.1]
	at org.junit.platform.engine.support.hierarchical.ThrowableCollector.execute(ThrowableCollector.java:73) ~[junit-platform-engine-1.10.1.jar:1.10.1]
	at org.junit.jupiter.engine.descriptor.ClassBasedTestDescriptor.instantiateAndPostProcessTestInstance(ClassBasedTestDescriptor.java:289) ~[junit-jupiter-engine-5.10.1.jar:5.10.1]
	at org.junit.jupiter.engine.descriptor.ClassBasedTestDescriptor.lambda$testInstancesProvider$4(ClassBasedTestDescriptor.java:279) ~[junit-jupiter-engine-5.10.1.jar:5.10.1]
	at java.base/java.util.Optional.orElseGet(Optional.java:364) ~[na:na]
	at org.junit.jupiter.engine.descriptor.ClassBasedTestDescriptor.lambda$testInstancesProvider$5(ClassBasedTestDescriptor.java:278) ~[junit-jupiter-engine-5.10.1.jar:5.10.1]
	at org.junit.jupiter.engine.execution.TestInstancesProvider.getTestInstances(TestInstancesProvider.java:31) ~[junit-jupiter-engine-5.10.1.jar:5.10.1]
	at org.junit.jupiter.engine.descriptor.TestMethodTestDescriptor.lambda$prepare$0(TestMethodTestDescriptor.java:106) ~[junit-jupiter-engine-5.10.1.jar:5.10.1]
	at org.junit.platform.engine.support.hierarchical.ThrowableCollector.execute(ThrowableCollector.java:73) ~[junit-platform-engine-1.10.1.jar:1.10.1]
	at org.junit.jupiter.engine.descriptor.TestMethodTestDescriptor.prepare(TestMethodTestDescriptor.java:105) ~[junit-jupiter-engine-5.10.1.jar:5.10.1]
	at org.junit.jupiter.engine.descriptor.TestMethodTestDescriptor.prepare(TestMethodTestDescriptor.java:69) ~[junit-jupiter-engine-5.10.1.jar:5.10.1]
	at org.junit.platform.engine.support.hierarchical.NodeTestTask.lambda$prepare$2(NodeTestTask.java:123) ~[junit-platform-engine-1.10.1.jar:1.10.1]
	at org.junit.platform.engine.support.hierarchical.ThrowableCollector.execute(ThrowableCollector.java:73) ~[junit-platform-engine-1.10.1.jar:1.10.1]
	at org.junit.platform.engine.support.hierarchical.NodeTestTask.prepare(NodeTestTask.java:123) ~[junit-platform-engine-1.10.1.jar:1.10.1]
	at org.junit.platform.engine.support.hierarchical.NodeTestTask.execute(NodeTestTask.java:90) ~[junit-platform-engine-1.10.1.jar:1.10.1]
	at java.base/java.util.ArrayList.forEach(ArrayList.java:1596) ~[na:na]
	at org.junit.platform.engine.support.hierarchical.SameThreadHierarchicalTestExecutorService.invokeAll(SameThreadHierarchicalTestExecutorService.java:41) ~[junit-platform-engine-1.10.1.jar:1.10.1]
	at org.junit.platform.engine.support.hierarchical.NodeTestTask.lambda$executeRecursively$6(NodeTestTask.java:155) ~[junit-platform-engine-1.10.1.jar:1.10.1]
	at org.junit.platform.engine.support.hierarchical.ThrowableCollector.execute(ThrowableCollector.java:73) ~[junit-platform-engine-1.10.1.jar:1.10.1]
	at org.junit.platform.engine.support.hierarchical.NodeTestTask.lambda$executeRecursively$8(NodeTestTask.java:141) ~[junit-platform-engine-1.10.1.jar:1.10.1]
	at org.junit.platform.engine.support.hierarchical.Node.around(Node.java:137) ~[junit-platform-engine-1.10.1.jar:1.10.1]
	at org.junit.platform.engine.support.hierarchical.NodeTestTask.lambda$executeRecursively$9(NodeTestTask.java:139) ~[junit-platform-engine-1.10.1.jar:1.10.1]
	at org.junit.platform.engine.support.hierarchical.ThrowableCollector.execute(ThrowableCollector.java:73) ~[junit-platform-engine-1.10.1.jar:1.10.1]
	at org.junit.platform.engine.support.hierarchical.NodeTestTask.executeRecursively(NodeTestTask.java:138) ~[junit-platform-engine-1.10.1.jar:1.10.1]
	at org.junit.platform.engine.support.hierarchical.NodeTestTask.execute(NodeTestTask.java:95) ~[junit-platform-engine-1.10.1.jar:1.10.1]
	at java.base/java.util.ArrayList.forEach(ArrayList.java:1596) ~[na:na]
	at org.junit.platform.engine.support.hierarchical.SameThreadHierarchicalTestExecutorService.invokeAll(SameThreadHierarchicalTestExecutorService.java:41) ~[junit-platform-engine-1.10.1.jar:1.10.1]
	at org.junit.platform.engine.support.hierarchical.NodeTestTask.lambda$executeRecursively$6(NodeTestTask.java:155) ~[junit-platform-engine-1.10.1.jar:1.10.1]
	at org.junit.platform.engine.support.hierarchical.ThrowableCollector.execute(ThrowableCollector.java:73) ~[junit-platform-engine-1.10.1.jar:1.10.1]
	at org.junit.platform.engine.support.hierarchical.NodeTestTask.lambda$executeRecursively$8(NodeTestTask.java:141) ~[junit-platform-engine-1.10.1.jar:1.10.1]
	at org.junit.platform.engine.support.hierarchical.Node.around(Node.java:137) ~[junit-platform-engine-1.10.1.jar:1.10.1]
	at org.junit.platform.engine.support.hierarchical.NodeTestTask.lambda$executeRecursively$9(NodeTestTask.java:139) ~[junit-platform-engine-1.10.1.jar:1.10.1]
	at org.junit.platform.engine.support.hierarchical.ThrowableCollector.execute(ThrowableCollector.java:73) ~[junit-platform-engine-1.10.1.jar:1.10.1]
	at org.junit.platform.engine.support.hierarchical.NodeTestTask.executeRecursively(NodeTestTask.java:138) ~[junit-platform-engine-1.10.1.jar:1.10.1]
	at org.junit.platform.engine.support.hierarchical.NodeTestTask.execute(NodeTestTask.java:95) ~[junit-platform-engine-1.10.1.jar:1.10.1]
	at org.junit.platform.engine.support.hierarchical.SameThreadHierarchicalTestExecutorService.submit(SameThreadHierarchicalTestExecutorService.java:35) ~[junit-platform-engine-1.10.1.jar:1.10.1]
	at org.junit.platform.engine.support.hierarchical.HierarchicalTestExecutor.execute(HierarchicalTestExecutor.java:57) ~[junit-platform-engine-1.10.1.jar:1.10.1]
	at org.junit.platform.engine.support.hierarchical.HierarchicalTestEngine.execute(HierarchicalTestEngine.java:54) ~[junit-platform-engine-1.10.1.jar:1.10.1]
	at org.junit.platform.launcher.core.EngineExecutionOrchestrator.execute(EngineExecutionOrchestrator.java:198) ~[junit-platform-launcher-1.10.1.jar:1.10.1]
	at org.junit.platform.launcher.core.EngineExecutionOrchestrator.execute(EngineExecutionOrchestrator.java:169) ~[junit-platform-launcher-1.10.1.jar:1.10.1]
	at org.junit.platform.launcher.core.EngineExecutionOrchestrator.execute(EngineExecutionOrchestrator.java:93) ~[junit-platform-launcher-1.10.1.jar:1.10.1]
	at org.junit.platform.launcher.core.EngineExecutionOrchestrator.lambda$execute$0(EngineExecutionOrchestrator.java:58) ~[junit-platform-launcher-1.10.1.jar:1.10.1]
	at org.junit.platform.launcher.core.EngineExecutionOrchestrator.withInterceptedStreams(EngineExecutionOrchestrator.java:141) ~[junit-platform-launcher-1.10.1.jar:1.10.1]
	at org.junit.platform.launcher.core.EngineExecutionOrchestrator.execute(EngineExecutionOrchestrator.java:57) ~[junit-platform-launcher-1.10.1.jar:1.10.1]
	at org.junit.platform.launcher.core.DefaultLauncher.execute(DefaultLauncher.java:103) ~[junit-platform-launcher-1.10.1.jar:1.10.1]
	at org.junit.platform.launcher.core.DefaultLauncher.execute(DefaultLauncher.java:85) ~[junit-platform-launcher-1.10.1.jar:1.10.1]
	at org.junit.platform.launcher.core.DelegatingLauncher.execute(DelegatingLauncher.java:47) ~[junit-platform-launcher-1.10.1.jar:1.10.1]
	at org.apache.maven.surefire.junitplatform.LazyLauncher.execute(LazyLauncher.java:56) ~[surefire-junit-platform-3.1.2.jar:3.1.2]
	at org.apache.maven.surefire.junitplatform.JUnitPlatformProvider.execute(JUnitPlatformProvider.java:184) ~[surefire-junit-platform-3.1.2.jar:3.1.2]
	at org.apache.maven.surefire.junitplatform.JUnitPlatformProvider.invokeAllTests(JUnitPlatformProvider.java:148) ~[surefire-junit-platform-3.1.2.jar:3.1.2]
	at org.apache.maven.surefire.junitplatform.JUnitPlatformProvider.invoke(JUnitPlatformProvider.java:122) ~[surefire-junit-platform-3.1.2.jar:3.1.2]
	at org.apache.maven.surefire.booter.ForkedBooter.runSuitesInProcess(ForkedBooter.java:385) ~[surefire-booter-3.1.2.jar:3.1.2]
	at org.apache.maven.surefire.booter.ForkedBooter.execute(ForkedBooter.java:162) ~[surefire-booter-3.1.2.jar:3.1.2]
	at org.apache.maven.surefire.booter.ForkedBooter.run(ForkedBooter.java:507) ~[surefire-booter-3.1.2.jar:3.1.2]
	at org.apache.maven.surefire.booter.ForkedBooter.main(ForkedBooter.java:495) ~[surefire-booter-3.1.2.jar:3.1.2]

2025-12-14T19:07:36.422+01:00  INFO 12920 --- [           main] o.s.d.j.r.query.QueryEnhancerFactory     : Hibernate is in classpath; If applicable, HQL parser will be used.
2025-12-14T19:07:37.626+01:00  INFO 12920 --- [           main] o.s.ws.soap.saaj.SaajSoapMessageFactory  : Creating SAAJ 1.3 MessageFactory with SOAP 1.1 Protocol
2025-12-14T19:07:37.893+01:00  WARN 12920 --- [           main] JpaBaseConfiguration$JpaWebConfiguration : spring.jpa.open-in-view is enabled by default. Therefore, database queries may be performed during view rendering. Explicitly configure spring.jpa.open-in-view to disable this warning
2025-12-14T19:07:38.832+01:00  WARN 12920 --- [           main] o.s.boot.actuate.endpoint.EndpointId     : Endpoint ID 'replay4j-console' contains invalid characters, please migrate to a valid format.
2025-12-14T19:07:38.834+01:00  WARN 12920 --- [           main] o.s.boot.actuate.endpoint.EndpointId     : Endpoint ID 'replay-tape' contains invalid characters, please migrate to a valid format.
[Replay4J] Health indicator registered
[Replay4J] ⚡ Flashback Console: /actuator/replay4j-console
[Replay4J] 📼 Tape Management: /actuator/replay-tape
[Replay4J] Micrometer metrics enabled
[Replay4J] Stats endpoint: /actuator/replay4j
[Replay4J] Info contributor registered
2025-12-14T19:07:39.128+01:00  INFO 12920 --- [           main] o.s.b.a.e.web.EndpointLinksResolver      : Exposing 3 endpoint(s) beneath base path '/actuator'
2025-12-14T19:07:39.326+01:00  INFO 12920 --- [           main] o.s.s.web.DefaultSecurityFilterChain     : Will secure any request with [org.springframework.security.web.session.DisableEncodeUrlFilter@7ece1800, org.springframework.security.web.context.request.async.WebAsyncManagerIntegrationFilter@13095872, org.springframework.security.web.context.SecurityContextHolderFilter@5d354d8, org.springframework.security.web.header.HeaderWriterFilter@579c15a7, org.springframework.web.filter.CorsFilter@4c062325, org.springframework.security.web.authentication.logout.LogoutFilter@a0c027a, org.springframework.security.web.authentication.www.BasicAuthenticationFilter@7720e110, org.springframework.security.web.savedrequest.RequestCacheAwareFilter@3e706fc2, org.springframework.security.web.servletapi.SecurityContextHolderAwareRequestFilter@40052266, org.springframework.security.web.authentication.AnonymousAuthenticationFilter@77889f63, org.springframework.security.web.access.ExceptionTranslationFilter@753f1c3e, org.springframework.security.web.access.intercept.AuthorizationFilter@1f481ec3]
2025-12-14T19:07:40.125+01:00  INFO 12920 --- [           main] c.verifactu.ConcurrencyIntegrationTest   : Started ConcurrencyIntegrationTest in 9.856 seconds (process running for 10.721)
2025-12-14T19:07:40.134+01:00  INFO 12920 --- [   scheduling-1] com.verifactu.job.AeatRetryScheduler     : Iniciando Job de Reintento de Facturas Pendientes...
2025-12-14T19:07:40.541+01:00  INFO 12920 --- [ool-3-thread-22] c.v.service.core.InvoiceChainerService   : Encadenando factura TEST/NUM-21
2025-12-14T19:07:40.541+01:00  INFO 12920 --- [ool-3-thread-41] c.v.service.core.InvoiceChainerService   : Encadenando factura TEST/NUM-40
2025-12-14T19:07:40.541+01:00  INFO 12920 --- [ool-3-thread-33] c.v.service.core.InvoiceChainerService   : Encadenando factura TEST/NUM-32
2025-12-14T19:07:40.541+01:00  INFO 12920 --- [ool-3-thread-25] c.v.service.core.InvoiceChainerService   : Encadenando factura TEST/NUM-24
2025-12-14T19:07:40.541+01:00  INFO 12920 --- [ool-3-thread-40] c.v.service.core.InvoiceChainerService   : Encadenando factura TEST/NUM-39
2025-12-14T19:07:40.541+01:00  INFO 12920 --- [pool-3-thread-9] c.v.service.core.InvoiceChainerService   : Encadenando factura TEST/NUM-8
2025-12-14T19:07:40.542+01:00  INFO 12920 --- [ool-3-thread-36] c.v.service.core.InvoiceChainerService   : Encadenando factura TEST/NUM-35
2025-12-14T19:07:40.541+01:00  INFO 12920 --- [pool-3-thread-2] c.v.service.core.InvoiceChainerService   : Encadenando factura TEST/NUM-1
2025-12-14T19:07:40.541+01:00  INFO 12920 --- [ool-3-thread-42] c.v.service.core.InvoiceChainerService   : Encadenando factura TEST/NUM-41
2025-12-14T19:07:40.542+01:00  INFO 12920 --- [ool-3-thread-16] c.v.service.core.InvoiceChainerService   : Encadenando factura TEST/NUM-15
Hibernate: 
    select
        fv1_0.id,
        fv1_0.anterior_hash,
        fv1_0.base_imponible,
        fv1_0.csv_respuesta,
        fv1_0.cuota_total,
        fv1_0.estado,
        fv1_0.fecha_creacion,
        fv1_0.fecha_expedicion,
        fv1_0.fecha_generacion_huella,
        fv1_0.fecha_modificacion,
        fv1_0.firma_xml,
        fv1_0.importe_total,
        fv1_0.intentos_envio,
        fv1_0.motivo_rechazo,
        fv1_0.numero_factura,
        fv1_0.registro_hash,
        fv1_0.serie_factura,
        fv1_0.tipo_operacion 
    from
        facturas_verifactu fv1_0 
    where
        fv1_0.serie_factura=? 
        and fv1_0.numero_factura=?
Hibernate: 
    select
        fv1_0.id,
        fv1_0.anterior_hash,
        fv1_0.base_imponible,
        fv1_0.csv_respuesta,
        fv1_0.cuota_total,
        fv1_0.estado,
        fv1_0.fecha_creacion,
        fv1_0.fecha_expedicion,
        fv1_0.fecha_generacion_huella,
        fv1_0.fecha_modificacion,
        fv1_0.firma_xml,
        fv1_0.importe_total,
        fv1_0.intentos_envio,
        fv1_0.motivo_rechazo,
        fv1_0.numero_factura,
        fv1_0.registro_hash,
        fv1_0.serie_factura,
        fv1_0.tipo_operacion 
    from
        facturas_verifactu fv1_0 
    where
        fv1_0.serie_factura=? 
        and fv1_0.numero_factura=?
Hibernate: 
    select
        fv1_0.id,
        fv1_0.anterior_hash,
        fv1_0.base_imponible,
        fv1_0.csv_respuesta,
        fv1_0.cuota_total,
        fv1_0.estado,
        fv1_0.fecha_creacion,
        fv1_0.fecha_expedicion,
        fv1_0.fecha_generacion_huella,
        fv1_0.fecha_modificacion,
        fv1_0.firma_xml,
        fv1_0.importe_total,
        fv1_0.intentos_envio,
        fv1_0.motivo_rechazo,
        fv1_0.numero_factura,
        fv1_0.registro_hash,
        fv1_0.serie_factura,
        fv1_0.tipo_operacion 
    from
        facturas_verifactu fv1_0 
    where
        fv1_0.serie_factura=? 
        and fv1_0.numero_factura=?
Hibernate: 
    select
        fv1_0.id,
        fv1_0.anterior_hash,
        fv1_0.base_imponible,
        fv1_0.csv_respuesta,
        fv1_0.cuota_total,
        fv1_0.estado,
        fv1_0.fecha_creacion,
        fv1_0.fecha_expedicion,
        fv1_0.fecha_generacion_huella,
        fv1_0.fecha_modificacion,
        fv1_0.firma_xml,
        fv1_0.importe_total,
        fv1_0.intentos_envio,
        fv1_0.motivo_rechazo,
        fv1_0.numero_factura,
        fv1_0.registro_hash,
        fv1_0.serie_factura,
        fv1_0.tipo_operacion 
    from
        facturas_verifactu fv1_0 
    where
        fv1_0.estado=? 
    offset
        ? rows 
    fetch
        first ? rows only
Hibernate: 
    select
        fv1_0.id,
        fv1_0.anterior_hash,
        fv1_0.base_imponible,
        fv1_0.csv_respuesta,
        fv1_0.cuota_total,
        fv1_0.estado,
        fv1_0.fecha_creacion,
        fv1_0.fecha_expedicion,
        fv1_0.fecha_generacion_huella,
        fv1_0.fecha_modificacion,
        fv1_0.firma_xml,
        fv1_0.importe_total,
        fv1_0.intentos_envio,
        fv1_0.motivo_rechazo,
        fv1_0.numero_factura,
        fv1_0.registro_hash,
        fv1_0.serie_factura,
        fv1_0.tipo_operacion 
    from
        facturas_verifactu fv1_0 
    where
        fv1_0.serie_factura=? 
        and fv1_0.numero_factura=?
Hibernate: 
    select
        fv1_0.id,
        fv1_0.anterior_hash,
        fv1_0.base_imponible,
        fv1_0.csv_respuesta,
        fv1_0.cuota_total,
        fv1_0.estado,
        fv1_0.fecha_creacion,
        fv1_0.fecha_expedicion,
        fv1_0.fecha_generacion_huella,
        fv1_0.fecha_modificacion,
        fv1_0.firma_xml,
        fv1_0.importe_total,
        fv1_0.intentos_envio,
        fv1_0.motivo_rechazo,
        fv1_0.numero_factura,
        fv1_0.registro_hash,
        fv1_0.serie_factura,
        fv1_0.tipo_operacion 
    from
        facturas_verifactu fv1_0 
    where
        fv1_0.serie_factura=? 
        and fv1_0.numero_factura=?
Hibernate: 
    select
        fv1_0.id,
        fv1_0.anterior_hash,
        fv1_0.base_imponible,
        fv1_0.csv_respuesta,
        fv1_0.cuota_total,
        fv1_0.estado,
        fv1_0.fecha_creacion,
        fv1_0.fecha_expedicion,
        fv1_0.fecha_generacion_huella,
        fv1_0.fecha_modificacion,
        fv1_0.firma_xml,
        fv1_0.importe_total,
        fv1_0.intentos_envio,
        fv1_0.motivo_rechazo,
        fv1_0.numero_factura,
        fv1_0.registro_hash,
        fv1_0.serie_factura,
        fv1_0.tipo_operacion 
    from
        facturas_verifactu fv1_0 
    where
        fv1_0.serie_factura=? 
        and fv1_0.numero_factura=?
Hibernate: 
    select
        fv1_0.id,
        fv1_0.anterior_hash,
        fv1_0.base_imponible,
        fv1_0.csv_respuesta,
        fv1_0.cuota_total,
        fv1_0.estado,
        fv1_0.fecha_creacion,
        fv1_0.fecha_expedicion,
        fv1_0.fecha_generacion_huella,
        fv1_0.fecha_modificacion,
        fv1_0.firma_xml,
        fv1_0.importe_total,
        fv1_0.intentos_envio,
        fv1_0.motivo_rechazo,
        fv1_0.numero_factura,
        fv1_0.registro_hash,
        fv1_0.serie_factura,
        fv1_0.tipo_operacion 
    from
        facturas_verifactu fv1_0 
    where
        fv1_0.serie_factura=? 
        and fv1_0.numero_factura=?
Hibernate: 
    select
        fv1_0.id,
        fv1_0.anterior_hash,
        fv1_0.base_imponible,
        fv1_0.csv_respuesta,
        fv1_0.cuota_total,
        fv1_0.estado,
        fv1_0.fecha_creacion,
        fv1_0.fecha_expedicion,
        fv1_0.fecha_generacion_huella,
        fv1_0.fecha_modificacion,
        fv1_0.firma_xml,
        fv1_0.importe_total,
        fv1_0.intentos_envio,
        fv1_0.motivo_rechazo,
        fv1_0.numero_factura,
        fv1_0.registro_hash,
        fv1_0.serie_factura,
        fv1_0.tipo_operacion 
    from
        facturas_verifactu fv1_0 
    where
        fv1_0.serie_factura=? 
        and fv1_0.numero_factura=?
Hibernate: 
    select
        fv1_0.id,
        fv1_0.anterior_hash,
        fv1_0.base_imponible,
        fv1_0.csv_respuesta,
        fv1_0.cuota_total,
        fv1_0.estado,
        fv1_0.fecha_creacion,
        fv1_0.fecha_expedicion,
        fv1_0.fecha_generacion_huella,
        fv1_0.fecha_modificacion,
        fv1_0.firma_xml,
        fv1_0.importe_total,
        fv1_0.intentos_envio,
        fv1_0.motivo_rechazo,
        fv1_0.numero_factura,
        fv1_0.registro_hash,
        fv1_0.serie_factura,
        fv1_0.tipo_operacion 
    from
        facturas_verifactu fv1_0 
    where
        fv1_0.serie_factura=? 
        and fv1_0.numero_factura=?
Hibernate: 
    select
        fv1_0.id,
        fv1_0.anterior_hash,
        fv1_0.base_imponible,
        fv1_0.csv_respuesta,
        fv1_0.cuota_total,
        fv1_0.estado,
        fv1_0.fecha_creacion,
        fv1_0.fecha_expedicion,
        fv1_0.fecha_generacion_huella,
        fv1_0.fecha_modificacion,
        fv1_0.firma_xml,
        fv1_0.importe_total,
        fv1_0.intentos_envio,
        fv1_0.motivo_rechazo,
        fv1_0.numero_factura,
        fv1_0.registro_hash,
        fv1_0.serie_factura,
        fv1_0.tipo_operacion 
    from
        facturas_verifactu fv1_0 
    where
        fv1_0.serie_factura=? 
        and fv1_0.numero_factura=?
Hibernate: 
    select
        fv1_0.id,
        fv1_0.anterior_hash,
        fv1_0.base_imponible,
        fv1_0.csv_respuesta,
        fv1_0.cuota_total,
        fv1_0.estado,
        fv1_0.fecha_creacion,
        fv1_0.fecha_expedicion,
        fv1_0.fecha_generacion_huella,
        fv1_0.fecha_modificacion,
        fv1_0.firma_xml,
        fv1_0.importe_total,
        fv1_0.intentos_envio,
        fv1_0.motivo_rechazo,
        fv1_0.numero_factura,
        fv1_0.registro_hash,
        fv1_0.serie_factura,
        fv1_0.tipo_operacion 
    from
        facturas_verifactu fv1_0 
    where
        fv1_0.serie_factura=? 
    order by
        fv1_0.id desc 
    fetch
        first 1 rows only for update
Hibernate: 
    select
        fv1_0.id,
        fv1_0.anterior_hash,
        fv1_0.base_imponible,
        fv1_0.csv_respuesta,
        fv1_0.cuota_total,
        fv1_0.estado,
        fv1_0.fecha_creacion,
        fv1_0.fecha_expedicion,
        fv1_0.fecha_generacion_huella,
        fv1_0.fecha_modificacion,
        fv1_0.firma_xml,
        fv1_0.importe_total,
        fv1_0.intentos_envio,
        fv1_0.motivo_rechazo,
        fv1_0.numero_factura,
        fv1_0.registro_hash,
        fv1_0.serie_factura,
        fv1_0.tipo_operacion 
    from
        facturas_verifactu fv1_0 
    where
        fv1_0.serie_factura=? 
    order by
        fv1_0.id desc 
    fetch
        first 1 rows only for update
Hibernate: 
    select
        fv1_0.id,
        fv1_0.anterior_hash,
        fv1_0.base_imponible,
        fv1_0.csv_respuesta,
        fv1_0.cuota_total,
        fv1_0.estado,
        fv1_0.fecha_creacion,
        fv1_0.fecha_expedicion,
        fv1_0.fecha_generacion_huella,
        fv1_0.fecha_modificacion,
        fv1_0.firma_xml,
        fv1_0.importe_total,
        fv1_0.intentos_envio,
        fv1_0.motivo_rechazo,
        fv1_0.numero_factura,
        fv1_0.registro_hash,
        fv1_0.serie_factura,
        fv1_0.tipo_operacion 
    from
        facturas_verifactu fv1_0 
    where
        fv1_0.serie_factura=? 
    order by
        fv1_0.id desc 
    fetch
        first 1 rows only for update
Hibernate: 
    select
        fv1_0.id,
        fv1_0.anterior_hash,
        fv1_0.base_imponible,
        fv1_0.csv_respuesta,
        fv1_0.cuota_total,
        fv1_0.estado,
        fv1_0.fecha_creacion,
        fv1_0.fecha_expedicion,
        fv1_0.fecha_generacion_huella,
        fv1_0.fecha_modificacion,
        fv1_0.firma_xml,
        fv1_0.importe_total,
        fv1_0.intentos_envio,
        fv1_0.motivo_rechazo,
        fv1_0.numero_factura,
        fv1_0.registro_hash,
        fv1_0.serie_factura,
        fv1_0.tipo_operacion 
    from
        facturas_verifactu fv1_0 
    where
        fv1_0.serie_factura=? 
    order by
        fv1_0.id desc 
    fetch
        first 1 rows only for update
Hibernate: 
    select
        fv1_0.id,
        fv1_0.anterior_hash,
        fv1_0.base_imponible,
        fv1_0.csv_respuesta,
        fv1_0.cuota_total,
        fv1_0.estado,
        fv1_0.fecha_creacion,
        fv1_0.fecha_expedicion,
        fv1_0.fecha_generacion_huella,
        fv1_0.fecha_modificacion,
        fv1_0.firma_xml,
        fv1_0.importe_total,
        fv1_0.intentos_envio,
        fv1_0.motivo_rechazo,
        fv1_0.numero_factura,
        fv1_0.registro_hash,
        fv1_0.serie_factura,
        fv1_0.tipo_operacion 
    from
        facturas_verifactu fv1_0 
    where
        fv1_0.serie_factura=? 
    order by
        fv1_0.id desc 
    fetch
        first 1 rows only for update
Hibernate: 
    select
        fv1_0.id,
        fv1_0.anterior_hash,
        fv1_0.base_imponible,
        fv1_0.csv_respuesta,
        fv1_0.cuota_total,
        fv1_0.estado,
        fv1_0.fecha_creacion,
        fv1_0.fecha_expedicion,
        fv1_0.fecha_generacion_huella,
        fv1_0.fecha_modificacion,
        fv1_0.firma_xml,
        fv1_0.importe_total,
        fv1_0.intentos_envio,
        fv1_0.motivo_rechazo,
        fv1_0.numero_factura,
        fv1_0.registro_hash,
        fv1_0.serie_factura,
        fv1_0.tipo_operacion 
    from
        facturas_verifactu fv1_0 
    where
        fv1_0.serie_factura=? 
    order by
        fv1_0.id desc 
    fetch
        first 1 rows only for update
Hibernate: 
    select
        fv1_0.id,
        fv1_0.anterior_hash,
        fv1_0.base_imponible,
        fv1_0.csv_respuesta,
        fv1_0.cuota_total,
        fv1_0.estado,
        fv1_0.fecha_creacion,
        fv1_0.fecha_expedicion,
        fv1_0.fecha_generacion_huella,
        fv1_0.fecha_modificacion,
        fv1_0.firma_xml,
        fv1_0.importe_total,
        fv1_0.intentos_envio,
        fv1_0.motivo_rechazo,
        fv1_0.numero_factura,
        fv1_0.registro_hash,
        fv1_0.serie_factura,
        fv1_0.tipo_operacion 
    from
        facturas_verifactu fv1_0 
    where
        fv1_0.serie_factura=? 
    order by
        fv1_0.id desc 
    fetch
        first 1 rows only for update
Hibernate: 
    select
        fv1_0.id,
        fv1_0.anterior_hash,
        fv1_0.base_imponible,
        fv1_0.csv_respuesta,
        fv1_0.cuota_total,
        fv1_0.estado,
        fv1_0.fecha_creacion,
        fv1_0.fecha_expedicion,
        fv1_0.fecha_generacion_huella,
        fv1_0.fecha_modificacion,
        fv1_0.firma_xml,
        fv1_0.importe_total,
        fv1_0.intentos_envio,
        fv1_0.motivo_rechazo,
        fv1_0.numero_factura,
        fv1_0.registro_hash,
        fv1_0.serie_factura,
        fv1_0.tipo_operacion 
    from
        facturas_verifactu fv1_0 
    where
        fv1_0.serie_factura=? 
    order by
        fv1_0.id desc 
    fetch
        first 1 rows only for update
Hibernate: 
    select
        fv1_0.id,
        fv1_0.anterior_hash,
        fv1_0.base_imponible,
        fv1_0.csv_respuesta,
        fv1_0.cuota_total,
        fv1_0.estado,
        fv1_0.fecha_creacion,
        fv1_0.fecha_expedicion,
        fv1_0.fecha_generacion_huella,
        fv1_0.fecha_modificacion,
        fv1_0.firma_xml,
        fv1_0.importe_total,
        fv1_0.intentos_envio,
        fv1_0.motivo_rechazo,
        fv1_0.numero_factura,
        fv1_0.registro_hash,
        fv1_0.serie_factura,
        fv1_0.tipo_operacion 
    from
        facturas_verifactu fv1_0 
    where
        fv1_0.serie_factura=? 
    order by
        fv1_0.id desc 
    fetch
        first 1 rows only for update
Hibernate: 
    select
        fv1_0.id,
        fv1_0.anterior_hash,
        fv1_0.base_imponible,
        fv1_0.csv_respuesta,
        fv1_0.cuota_total,
        fv1_0.estado,
        fv1_0.fecha_creacion,
        fv1_0.fecha_expedicion,
        fv1_0.fecha_generacion_huella,
        fv1_0.fecha_modificacion,
        fv1_0.firma_xml,
        fv1_0.importe_total,
        fv1_0.intentos_envio,
        fv1_0.motivo_rechazo,
        fv1_0.numero_factura,
        fv1_0.registro_hash,
        fv1_0.serie_factura,
        fv1_0.tipo_operacion 
    from
        facturas_verifactu fv1_0 
    where
        fv1_0.serie_factura=? 
    order by
        fv1_0.id desc 
    fetch
        first 1 rows only for update
Hibernate: 
    select
        count(*) 
    from
        facturas_verifactu fv1_0
Hibernate: 
    select
        count(*) 
    from
        facturas_verifactu fv1_0
Hibernate: 
    select
        count(*) 
    from
        facturas_verifactu fv1_0
Hibernate: 
    select
        count(*) 
    from
        facturas_verifactu fv1_0
Hibernate: 
    select
        count(*) 
    from
        facturas_verifactu fv1_0
Hibernate: 
    select
        count(*) 
    from
        facturas_verifactu fv1_0
Hibernate: 
    select
        count(*) 
    from
        facturas_verifactu fv1_0
Hibernate: 
    select
        count(*) 
    from
        facturas_verifactu fv1_0
Hibernate: 
    select
        count(*) 
    from
        facturas_verifactu fv1_0
Hibernate: 
    select
        count(*) 
    from
        facturas_verifactu fv1_0
Hibernate: 
    insert 
    into
        facturas_verifactu
        (anterior_hash, base_imponible, csv_respuesta, cuota_total, estado, fecha_creacion, fecha_expedicion, fecha_generacion_huella, fecha_modificacion, firma_xml, importe_total, intentos_envio, motivo_rechazo, numero_factura, registro_hash, serie_factura, tipo_operacion, id) 
    values
        (?, ?, ?, ?, ?, ?, ?, ?, ?, ?, ?, ?, ?, ?, ?, ?, ?, default)
Hibernate: 
    insert 
    into
        facturas_verifactu
        (anterior_hash, base_imponible, csv_respuesta, cuota_total, estado, fecha_creacion, fecha_expedicion, fecha_generacion_huella, fecha_modificacion, firma_xml, importe_total, intentos_envio, motivo_rechazo, numero_factura, registro_hash, serie_factura, tipo_operacion, id) 
    values
        (?, ?, ?, ?, ?, ?, ?, ?, ?, ?, ?, ?, ?, ?, ?, ?, ?, default)
Hibernate: 
    insert 
    into
        facturas_verifactu
        (anterior_hash, base_imponible, csv_respuesta, cuota_total, estado, fecha_creacion, fecha_expedicion, fecha_generacion_huella, fecha_modificacion, firma_xml, importe_total, intentos_envio, motivo_rechazo, numero_factura, registro_hash, serie_factura, tipo_operacion, id) 
    values
        (?, ?, ?, ?, ?, ?, ?, ?, ?, ?, ?, ?, ?, ?, ?, ?, ?, default)
Hibernate: 
    insert 
    into
        facturas_verifactu
        (anterior_hash, base_imponible, csv_respuesta, cuota_total, estado, fecha_creacion, fecha_expedicion, fecha_generacion_huella, fecha_modificacion, firma_xml, importe_total, intentos_envio, motivo_rechazo, numero_factura, registro_hash, serie_factura, tipo_operacion, id) 
    values
        (?, ?, ?, ?, ?, ?, ?, ?, ?, ?, ?, ?, ?, ?, ?, ?, ?, default)
Hibernate: 
    insert 
    into
        facturas_verifactu
        (anterior_hash, base_imponible, csv_respuesta, cuota_total, estado, fecha_creacion, fecha_expedicion, fecha_generacion_huella, fecha_modificacion, firma_xml, importe_total, intentos_envio, motivo_rechazo, numero_factura, registro_hash, serie_factura, tipo_operacion, id) 
    values
        (?, ?, ?, ?, ?, ?, ?, ?, ?, ?, ?, ?, ?, ?, ?, ?, ?, default)
Hibernate: 
    insert 
    into
        facturas_verifactu
        (anterior_hash, base_imponible, csv_respuesta, cuota_total, estado, fecha_creacion, fecha_expedicion, fecha_generacion_huella, fecha_modificacion, firma_xml, importe_total, intentos_envio, motivo_rechazo, numero_factura, registro_hash, serie_factura, tipo_operacion, id) 
    values
        (?, ?, ?, ?, ?, ?, ?, ?, ?, ?, ?, ?, ?, ?, ?, ?, ?, default)
Hibernate: 
    insert 
    into
        facturas_verifactu
        (anterior_hash, base_imponible, csv_respuesta, cuota_total, estado, fecha_creacion, fecha_expedicion, fecha_generacion_huella, fecha_modificacion, firma_xml, importe_total, intentos_envio, motivo_rechazo, numero_factura, registro_hash, serie_factura, tipo_operacion, id) 
    values
        (?, ?, ?, ?, ?, ?, ?, ?, ?, ?, ?, ?, ?, ?, ?, ?, ?, default)
Hibernate: 
    insert 
    into
        facturas_verifactu
        (anterior_hash, base_imponible, csv_respuesta, cuota_total, estado, fecha_creacion, fecha_expedicion, fecha_generacion_huella, fecha_modificacion, firma_xml, importe_total, intentos_envio, motivo_rechazo, numero_factura, registro_hash, serie_factura, tipo_operacion, id) 
    values
        (?, ?, ?, ?, ?, ?, ?, ?, ?, ?, ?, ?, ?, ?, ?, ?, ?, default)
Hibernate: 
    insert 
    into
        facturas_verifactu
        (anterior_hash, base_imponible, csv_respuesta, cuota_total, estado, fecha_creacion, fecha_expedicion, fecha_generacion_huella, fecha_modificacion, firma_xml, importe_total, intentos_envio, motivo_rechazo, numero_factura, registro_hash, serie_factura, tipo_operacion, id) 
    values
        (?, ?, ?, ?, ?, ?, ?, ?, ?, ?, ?, ?, ?, ?, ?, ?, ?, default)
Hibernate: 
    insert 
    into
        facturas_verifactu
        (anterior_hash, base_imponible, csv_respuesta, cuota_total, estado, fecha_creacion, fecha_expedicion, fecha_generacion_huella, fecha_modificacion, firma_xml, importe_total, intentos_envio, motivo_rechazo, numero_factura, registro_hash, serie_factura, tipo_operacion, id) 
    values
        (?, ?, ?, ?, ?, ?, ?, ?, ?, ?, ?, ?, ?, ?, ?, ?, ?, default)
2025-12-14T19:07:40.864+01:00  INFO 12920 --- [ool-3-thread-38] c.v.service.core.InvoiceChainerService   : Encadenando factura TEST/NUM-37
2025-12-14T19:07:40.864+01:00  INFO 12920 --- [ool-3-thread-28] c.v.service.core.InvoiceChainerService   : Encadenando factura TEST/NUM-27
2025-12-14T19:07:40.864+01:00  INFO 12920 --- [ool-3-thread-37] c.v.service.core.InvoiceChainerService   : Encadenando factura TEST/NUM-36
2025-12-14T19:07:40.864+01:00  INFO 12920 --- [ool-3-thread-44] c.v.service.core.InvoiceChainerService   : Encadenando factura TEST/NUM-43
2025-12-14T19:07:40.864+01:00  INFO 12920 --- [pool-3-thread-3] c.v.service.core.InvoiceChainerService   : Encadenando factura TEST/NUM-2
2025-12-14T19:07:40.864+01:00  INFO 12920 --- [ool-3-thread-15] c.v.service.core.InvoiceChainerService   : Encadenando factura TEST/NUM-14
2025-12-14T19:07:40.864+01:00  INFO 12920 --- [pool-3-thread-5] c.v.service.core.InvoiceChainerService   : Encadenando factura TEST/NUM-4
2025-12-14T19:07:40.864+01:00  INFO 12920 --- [ool-3-thread-19] c.v.service.core.InvoiceChainerService   : Encadenando factura TEST/NUM-18
2025-12-14T19:07:40.864+01:00  INFO 12920 --- [ool-3-thread-23] c.v.service.core.InvoiceChainerService   : Encadenando factura TEST/NUM-22
Hibernate: 
    select
        fv1_0.id,
        fv1_0.anterior_hash,
        fv1_0.base_imponible,
        fv1_0.csv_respuesta,
        fv1_0.cuota_total,
        fv1_0.estado,
        fv1_0.fecha_creacion,
        fv1_0.fecha_expedicion,
        fv1_0.fecha_generacion_huella,
        fv1_0.fecha_modificacion,
        fv1_0.firma_xml,
        fv1_0.importe_total,
        fv1_0.intentos_envio,
        fv1_0.motivo_rechazo,
        fv1_0.numero_factura,
        fv1_0.registro_hash,
        fv1_0.serie_factura,
        fv1_0.tipo_operacion 
    from
        facturas_verifactu fv1_0 
    where
        fv1_0.serie_factura=? 
        and fv1_0.numero_factura=?
Hibernate: 
    select
        fv1_0.id,
        fv1_0.anterior_hash,
        fv1_0.base_imponible,
        fv1_0.csv_respuesta,
        fv1_0.cuota_total,
        fv1_0.estado,
        fv1_0.fecha_creacion,
        fv1_0.fecha_expedicion,
        fv1_0.fecha_generacion_huella,
        fv1_0.fecha_modificacion,
        fv1_0.firma_xml,
        fv1_0.importe_total,
        fv1_0.intentos_envio,
        fv1_0.motivo_rechazo,
        fv1_0.numero_factura,
        fv1_0.registro_hash,
        fv1_0.serie_factura,
        fv1_0.tipo_operacion 
    from
        facturas_verifactu fv1_0 
    where
        fv1_0.serie_factura=? 
        and fv1_0.numero_factura=?
Hibernate: 
    select
        fv1_0.id,
        fv1_0.anterior_hash,
        fv1_0.base_imponible,
        fv1_0.csv_respuesta,
        fv1_0.cuota_total,
        fv1_0.estado,
        fv1_0.fecha_creacion,
        fv1_0.fecha_expedicion,
        fv1_0.fecha_generacion_huella,
        fv1_0.fecha_modificacion,
        fv1_0.firma_xml,
        fv1_0.importe_total,
        fv1_0.intentos_envio,
        fv1_0.motivo_rechazo,
        fv1_0.numero_factura,
        fv1_0.registro_hash,
        fv1_0.serie_factura,
        fv1_0.tipo_operacion 
    from
        facturas_verifactu fv1_0 
    where
        fv1_0.serie_factura=? 
        and fv1_0.numero_factura=?
Hibernate: 
    select
        fv1_0.id,
        fv1_0.anterior_hash,
        fv1_0.base_imponible,
        fv1_0.csv_respuesta,
        fv1_0.cuota_total,
        fv1_0.estado,
        fv1_0.fecha_creacion,
        fv1_0.fecha_expedicion,
        fv1_0.fecha_generacion_huella,
        fv1_0.fecha_modificacion,
        fv1_0.firma_xml,
        fv1_0.importe_total,
        fv1_0.intentos_envio,
        fv1_0.motivo_rechazo,
        fv1_0.numero_factura,
        fv1_0.registro_hash,
        fv1_0.serie_factura,
        fv1_0.tipo_operacion 
    from
        facturas_verifactu fv1_0 
    where
        fv1_0.serie_factura=? 
        and fv1_0.numero_factura=?
2025-12-14T19:07:40.866+01:00  INFO 12920 --- [ool-3-thread-27] c.v.service.core.InvoiceChainerService   : Encadenando factura TEST/NUM-26
Hibernate: 
    select
        fv1_0.id,
        fv1_0.anterior_hash,
        fv1_0.base_imponible,
        fv1_0.csv_respuesta,
        fv1_0.cuota_total,
        fv1_0.estado,
        fv1_0.fecha_creacion,
        fv1_0.fecha_expedicion,
        fv1_0.fecha_generacion_huella,
        fv1_0.fecha_modificacion,
        fv1_0.firma_xml,
        fv1_0.importe_total,
        fv1_0.intentos_envio,
        fv1_0.motivo_rechazo,
        fv1_0.numero_factura,
        fv1_0.registro_hash,
        fv1_0.serie_factura,
        fv1_0.tipo_operacion 
    from
        facturas_verifactu fv1_0 
    where
        fv1_0.serie_factura=? 
        and fv1_0.numero_factura=?
Hibernate: 
    select
        fv1_0.id,
        fv1_0.anterior_hash,
        fv1_0.base_imponible,
        fv1_0.csv_respuesta,
        fv1_0.cuota_total,
        fv1_0.estado,
        fv1_0.fecha_creacion,
        fv1_0.fecha_expedicion,
        fv1_0.fecha_generacion_huella,
        fv1_0.fecha_modificacion,
        fv1_0.firma_xml,
        fv1_0.importe_total,
        fv1_0.intentos_envio,
        fv1_0.motivo_rechazo,
        fv1_0.numero_factura,
        fv1_0.registro_hash,
        fv1_0.serie_factura,
        fv1_0.tipo_operacion 
    from
        facturas_verifactu fv1_0 
    where
        fv1_0.serie_factura=? 
        and fv1_0.numero_factura=?
Hibernate: 
    select
        fv1_0.id,
        fv1_0.anterior_hash,
        fv1_0.base_imponible,
        fv1_0.csv_respuesta,
        fv1_0.cuota_total,
        fv1_0.estado,
        fv1_0.fecha_creacion,
        fv1_0.fecha_expedicion,
        fv1_0.fecha_generacion_huella,
        fv1_0.fecha_modificacion,
        fv1_0.firma_xml,
        fv1_0.importe_total,
        fv1_0.intentos_envio,
        fv1_0.motivo_rechazo,
        fv1_0.numero_factura,
        fv1_0.registro_hash,
        fv1_0.serie_factura,
        fv1_0.tipo_operacion 
    from
        facturas_verifactu fv1_0 
    where
        fv1_0.serie_factura=? 
        and fv1_0.numero_factura=?
Hibernate: 
    select
        fv1_0.id,
        fv1_0.anterior_hash,
        fv1_0.base_imponible,
        fv1_0.csv_respuesta,
        fv1_0.cuota_total,
        fv1_0.estado,
        fv1_0.fecha_creacion,
        fv1_0.fecha_expedicion,
        fv1_0.fecha_generacion_huella,
        fv1_0.fecha_modificacion,
        fv1_0.firma_xml,
        fv1_0.importe_total,
        fv1_0.intentos_envio,
        fv1_0.motivo_rechazo,
        fv1_0.numero_factura,
        fv1_0.registro_hash,
        fv1_0.serie_factura,
        fv1_0.tipo_operacion 
    from
        facturas_verifactu fv1_0 
    where
        fv1_0.serie_factura=? 
        and fv1_0.numero_factura=?
Hibernate: 
    select
        fv1_0.id,
        fv1_0.anterior_hash,
        fv1_0.base_imponible,
        fv1_0.csv_respuesta,
        fv1_0.cuota_total,
        fv1_0.estado,
        fv1_0.fecha_creacion,
        fv1_0.fecha_expedicion,
        fv1_0.fecha_generacion_huella,
        fv1_0.fecha_modificacion,
        fv1_0.firma_xml,
        fv1_0.importe_total,
        fv1_0.intentos_envio,
        fv1_0.motivo_rechazo,
        fv1_0.numero_factura,
        fv1_0.registro_hash,
        fv1_0.serie_factura,
        fv1_0.tipo_operacion 
    from
        facturas_verifactu fv1_0 
    where
        fv1_0.serie_factura=? 
        and fv1_0.numero_factura=?
Hibernate: 
    select
        fv1_0.id,
        fv1_0.anterior_hash,
        fv1_0.base_imponible,
        fv1_0.csv_respuesta,
        fv1_0.cuota_total,
        fv1_0.estado,
        fv1_0.fecha_creacion,
        fv1_0.fecha_expedicion,
        fv1_0.fecha_generacion_huella,
        fv1_0.fecha_modificacion,
        fv1_0.firma_xml,
        fv1_0.importe_total,
        fv1_0.intentos_envio,
        fv1_0.motivo_rechazo,
        fv1_0.numero_factura,
        fv1_0.registro_hash,
        fv1_0.serie_factura,
        fv1_0.tipo_operacion 
    from
        facturas_verifactu fv1_0 
    where
        fv1_0.serie_factura=? 
        and fv1_0.numero_factura=?
Hibernate: 
    select
        fv1_0.id,
        fv1_0.anterior_hash,
        fv1_0.base_imponible,
        fv1_0.csv_respuesta,
        fv1_0.cuota_total,
        fv1_0.estado,
        fv1_0.fecha_creacion,
        fv1_0.fecha_expedicion,
        fv1_0.fecha_generacion_huella,
        fv1_0.fecha_modificacion,
        fv1_0.firma_xml,
        fv1_0.importe_total,
        fv1_0.intentos_envio,
        fv1_0.motivo_rechazo,
        fv1_0.numero_factura,
        fv1_0.registro_hash,
        fv1_0.serie_factura,
        fv1_0.tipo_operacion 
    from
        facturas_verifactu fv1_0 
    where
        fv1_0.serie_factura=? 
    order by
        fv1_0.id desc 
    fetch
        first 1 rows only for update
Hibernate: 
    select
        fv1_0.id,
        fv1_0.anterior_hash,
        fv1_0.base_imponible,
        fv1_0.csv_respuesta,
        fv1_0.cuota_total,
        fv1_0.estado,
        fv1_0.fecha_creacion,
        fv1_0.fecha_expedicion,
        fv1_0.fecha_generacion_huella,
        fv1_0.fecha_modificacion,
        fv1_0.firma_xml,
        fv1_0.importe_total,
        fv1_0.intentos_envio,
        fv1_0.motivo_rechazo,
        fv1_0.numero_factura,
        fv1_0.registro_hash,
        fv1_0.serie_factura,
        fv1_0.tipo_operacion 
    from
        facturas_verifactu fv1_0 
    where
        fv1_0.serie_factura=? 
    order by
        fv1_0.id desc 
    fetch
        first 1 rows only for update
Hibernate: 
    select
        fv1_0.id,
        fv1_0.anterior_hash,
        fv1_0.base_imponible,
        fv1_0.csv_respuesta,
        fv1_0.cuota_total,
        fv1_0.estado,
        fv1_0.fecha_creacion,
        fv1_0.fecha_expedicion,
        fv1_0.fecha_generacion_huella,
        fv1_0.fecha_modificacion,
        fv1_0.firma_xml,
        fv1_0.importe_total,
        fv1_0.intentos_envio,
        fv1_0.motivo_rechazo,
        fv1_0.numero_factura,
        fv1_0.registro_hash,
        fv1_0.serie_factura,
        fv1_0.tipo_operacion 
    from
        facturas_verifactu fv1_0 
    where
        fv1_0.serie_factura=? 
    order by
        fv1_0.id desc 
    fetch
        first 1 rows only for update
Hibernate: 
    select
        fv1_0.id,
        fv1_0.anterior_hash,
        fv1_0.base_imponible,
        fv1_0.csv_respuesta,
        fv1_0.cuota_total,
        fv1_0.estado,
        fv1_0.fecha_creacion,
        fv1_0.fecha_expedicion,
        fv1_0.fecha_generacion_huella,
        fv1_0.fecha_modificacion,
        fv1_0.firma_xml,
        fv1_0.importe_total,
        fv1_0.intentos_envio,
        fv1_0.motivo_rechazo,
        fv1_0.numero_factura,
        fv1_0.registro_hash,
        fv1_0.serie_factura,
        fv1_0.tipo_operacion 
    from
        facturas_verifactu fv1_0 
    where
        fv1_0.serie_factura=? 
    order by
        fv1_0.id desc 
    fetch
        first 1 rows only for update
Hibernate: 
    select
        fv1_0.id,
        fv1_0.anterior_hash,
        fv1_0.base_imponible,
        fv1_0.csv_respuesta,
        fv1_0.cuota_total,
        fv1_0.estado,
        fv1_0.fecha_creacion,
        fv1_0.fecha_expedicion,
        fv1_0.fecha_generacion_huella,
        fv1_0.fecha_modificacion,
        fv1_0.firma_xml,
        fv1_0.importe_total,
        fv1_0.intentos_envio,
        fv1_0.motivo_rechazo,
        fv1_0.numero_factura,
        fv1_0.registro_hash,
        fv1_0.serie_factura,
        fv1_0.tipo_operacion 
    from
        facturas_verifactu fv1_0 
    where
        fv1_0.serie_factura=? 
    order by
        fv1_0.id desc 
    fetch
        first 1 rows only for update
Hibernate: 
    select
        fv1_0.id,
        fv1_0.anterior_hash,
        fv1_0.base_imponible,
        fv1_0.csv_respuesta,
        fv1_0.cuota_total,
        fv1_0.estado,
        fv1_0.fecha_creacion,
        fv1_0.fecha_expedicion,
        fv1_0.fecha_generacion_huella,
        fv1_0.fecha_modificacion,
        fv1_0.firma_xml,
        fv1_0.importe_total,
        fv1_0.intentos_envio,
        fv1_0.motivo_rechazo,
        fv1_0.numero_factura,
        fv1_0.registro_hash,
        fv1_0.serie_factura,
        fv1_0.tipo_operacion 
    from
        facturas_verifactu fv1_0 
    where
        fv1_0.serie_factura=? 
    order by
        fv1_0.id desc 
    fetch
        first 1 rows only for update
Hibernate: 
    select
        fv1_0.id,
        fv1_0.anterior_hash,
        fv1_0.base_imponible,
        fv1_0.csv_respuesta,
        fv1_0.cuota_total,
        fv1_0.estado,
        fv1_0.fecha_creacion,
        fv1_0.fecha_expedicion,
        fv1_0.fecha_generacion_huella,
        fv1_0.fecha_modificacion,
        fv1_0.firma_xml,
        fv1_0.importe_total,
        fv1_0.intentos_envio,
        fv1_0.motivo_rechazo,
        fv1_0.numero_factura,
        fv1_0.registro_hash,
        fv1_0.serie_factura,
        fv1_0.tipo_operacion 
    from
        facturas_verifactu fv1_0 
    where
        fv1_0.serie_factura=? 
    order by
        fv1_0.id desc 
    fetch
        first 1 rows only for update
Hibernate: 
    select
        fv1_0.id,
        fv1_0.anterior_hash,
        fv1_0.base_imponible,
        fv1_0.csv_respuesta,
        fv1_0.cuota_total,
        fv1_0.estado,
        fv1_0.fecha_creacion,
        fv1_0.fecha_expedicion,
        fv1_0.fecha_generacion_huella,
        fv1_0.fecha_modificacion,
        fv1_0.firma_xml,
        fv1_0.importe_total,
        fv1_0.intentos_envio,
        fv1_0.motivo_rechazo,
        fv1_0.numero_factura,
        fv1_0.registro_hash,
        fv1_0.serie_factura,
        fv1_0.tipo_operacion 
    from
        facturas_verifactu fv1_0 
    where
        fv1_0.serie_factura=? 
    order by
        fv1_0.id desc 
    fetch
        first 1 rows only for update
Hibernate: 
    select
        fv1_0.id,
        fv1_0.anterior_hash,
        fv1_0.base_imponible,
        fv1_0.csv_respuesta,
        fv1_0.cuota_total,
        fv1_0.estado,
        fv1_0.fecha_creacion,
        fv1_0.fecha_expedicion,
        fv1_0.fecha_generacion_huella,
        fv1_0.fecha_modificacion,
        fv1_0.firma_xml,
        fv1_0.importe_total,
        fv1_0.intentos_envio,
        fv1_0.motivo_rechazo,
        fv1_0.numero_factura,
        fv1_0.registro_hash,
        fv1_0.serie_factura,
        fv1_0.tipo_operacion 
    from
        facturas_verifactu fv1_0 
    where
        fv1_0.serie_factura=? 
    order by
        fv1_0.id desc 
    fetch
        first 1 rows only for update
Hibernate: 
    select
        fv1_0.id,
        fv1_0.anterior_hash,
        fv1_0.base_imponible,
        fv1_0.csv_respuesta,
        fv1_0.cuota_total,
        fv1_0.estado,
        fv1_0.fecha_creacion,
        fv1_0.fecha_expedicion,
        fv1_0.fecha_generacion_huella,
        fv1_0.fecha_modificacion,
        fv1_0.firma_xml,
        fv1_0.importe_total,
        fv1_0.intentos_envio,
        fv1_0.motivo_rechazo,
        fv1_0.numero_factura,
        fv1_0.registro_hash,
        fv1_0.serie_factura,
        fv1_0.tipo_operacion 
    from
        facturas_verifactu fv1_0 
    where
        fv1_0.serie_factura=? 
    order by
        fv1_0.id desc 
    fetch
        first 1 rows only for update
Hibernate: 
    insert 
    into
        facturas_verifactu
        (anterior_hash, base_imponible, csv_respuesta, cuota_total, estado, fecha_creacion, fecha_expedicion, fecha_generacion_huella, fecha_modificacion, firma_xml, importe_total, intentos_envio, motivo_rechazo, numero_factura, registro_hash, serie_factura, tipo_operacion, id) 
    values
        (?, ?, ?, ?, ?, ?, ?, ?, ?, ?, ?, ?, ?, ?, ?, ?, ?, default)
2025-12-14T19:07:40.889+01:00  INFO 12920 --- [ool-3-thread-17] c.v.service.core.InvoiceChainerService   : Encadenando factura TEST/NUM-16
Hibernate: 
    insert 
    into
        facturas_verifactu
        (anterior_hash, base_imponible, csv_respuesta, cuota_total, estado, fecha_creacion, fecha_expedicion, fecha_generacion_huella, fecha_modificacion, firma_xml, importe_total, intentos_envio, motivo_rechazo, numero_factura, registro_hash, serie_factura, tipo_operacion, id) 
    values
        (?, ?, ?, ?, ?, ?, ?, ?, ?, ?, ?, ?, ?, ?, ?, ?, ?, default)
Hibernate: 
    select
        fv1_0.id,
        fv1_0.anterior_hash,
        fv1_0.base_imponible,
        fv1_0.csv_respuesta,
        fv1_0.cuota_total,
        fv1_0.estado,
        fv1_0.fecha_creacion,
        fv1_0.fecha_expedicion,
        fv1_0.fecha_generacion_huella,
        fv1_0.fecha_modificacion,
        fv1_0.firma_xml,
        fv1_0.importe_total,
        fv1_0.intentos_envio,
        fv1_0.motivo_rechazo,
        fv1_0.numero_factura,
        fv1_0.registro_hash,
        fv1_0.serie_factura,
        fv1_0.tipo_operacion 
    from
        facturas_verifactu fv1_0 
    where
        fv1_0.serie_factura=? 
        and fv1_0.numero_factura=?
2025-12-14T19:07:40.891+01:00  INFO 12920 --- [pool-3-thread-4] c.v.service.core.InvoiceChainerService   : Encadenando factura TEST/NUM-3
Hibernate: 
    select
        fv1_0.id,
        fv1_0.anterior_hash,
        fv1_0.base_imponible,
        fv1_0.csv_respuesta,
        fv1_0.cuota_total,
        fv1_0.estado,
        fv1_0.fecha_creacion,
        fv1_0.fecha_expedicion,
        fv1_0.fecha_generacion_huella,
        fv1_0.fecha_modificacion,
        fv1_0.firma_xml,
        fv1_0.importe_total,
        fv1_0.intentos_envio,
        fv1_0.motivo_rechazo,
        fv1_0.numero_factura,
        fv1_0.registro_hash,
        fv1_0.serie_factura,
        fv1_0.tipo_operacion 
    from
        facturas_verifactu fv1_0 
    where
        fv1_0.serie_factura=? 
    order by
        fv1_0.id desc 
    fetch
        first 1 rows only for update
Hibernate: 
    select
        fv1_0.id,
        fv1_0.anterior_hash,
        fv1_0.base_imponible,
        fv1_0.csv_respuesta,
        fv1_0.cuota_total,
        fv1_0.estado,
        fv1_0.fecha_creacion,
        fv1_0.fecha_expedicion,
        fv1_0.fecha_generacion_huella,
        fv1_0.fecha_modificacion,
        fv1_0.firma_xml,
        fv1_0.importe_total,
        fv1_0.intentos_envio,
        fv1_0.motivo_rechazo,
        fv1_0.numero_factura,
        fv1_0.registro_hash,
        fv1_0.serie_factura,
        fv1_0.tipo_operacion 
    from
        facturas_verifactu fv1_0 
    where
        fv1_0.serie_factura=? 
        and fv1_0.numero_factura=?
Hibernate: 
    insert 
    into
        facturas_verifactu
        (anterior_hash, base_imponible, csv_respuesta, cuota_total, estado, fecha_creacion, fecha_expedicion, fecha_generacion_huella, fecha_modificacion, firma_xml, importe_total, intentos_envio, motivo_rechazo, numero_factura, registro_hash, serie_factura, tipo_operacion, id) 
    values
        (?, ?, ?, ?, ?, ?, ?, ?, ?, ?, ?, ?, ?, ?, ?, ?, ?, default)
Hibernate: 
    select
        fv1_0.id,
        fv1_0.anterior_hash,
        fv1_0.base_imponible,
        fv1_0.csv_respuesta,
        fv1_0.cuota_total,
        fv1_0.estado,
        fv1_0.fecha_creacion,
        fv1_0.fecha_expedicion,
        fv1_0.fecha_generacion_huella,
        fv1_0.fecha_modificacion,
        fv1_0.firma_xml,
        fv1_0.importe_total,
        fv1_0.intentos_envio,
        fv1_0.motivo_rechazo,
        fv1_0.numero_factura,
        fv1_0.registro_hash,
        fv1_0.serie_factura,
        fv1_0.tipo_operacion 
    from
        facturas_verifactu fv1_0 
    where
        fv1_0.serie_factura=? 
    order by
        fv1_0.id desc 
    fetch
        first 1 rows only for update
2025-12-14T19:07:40.893+01:00  INFO 12920 --- [pool-3-thread-1] c.v.service.core.InvoiceChainerService   : Encadenando factura TEST/NUM-0
Hibernate: 
    insert 
    into
        facturas_verifactu
        (anterior_hash, base_imponible, csv_respuesta, cuota_total, estado, fecha_creacion, fecha_expedicion, fecha_generacion_huella, fecha_modificacion, firma_xml, importe_total, intentos_envio, motivo_rechazo, numero_factura, registro_hash, serie_factura, tipo_operacion, id) 
    values
        (?, ?, ?, ?, ?, ?, ?, ?, ?, ?, ?, ?, ?, ?, ?, ?, ?, default)
Hibernate: 
    select
        fv1_0.id,
        fv1_0.anterior_hash,
        fv1_0.base_imponible,
        fv1_0.csv_respuesta,
        fv1_0.cuota_total,
        fv1_0.estado,
        fv1_0.fecha_creacion,
        fv1_0.fecha_expedicion,
        fv1_0.fecha_generacion_huella,
        fv1_0.fecha_modificacion,
        fv1_0.firma_xml,
        fv1_0.importe_total,
        fv1_0.intentos_envio,
        fv1_0.motivo_rechazo,
        fv1_0.numero_factura,
        fv1_0.registro_hash,
        fv1_0.serie_factura,
        fv1_0.tipo_operacion 
    from
        facturas_verifactu fv1_0 
    where
        fv1_0.serie_factura=? 
        and fv1_0.numero_factura=?
Hibernate: 
    select
        fv1_0.id,
        fv1_0.anterior_hash,
        fv1_0.base_imponible,
        fv1_0.csv_respuesta,
        fv1_0.cuota_total,
        fv1_0.estado,
        fv1_0.fecha_creacion,
        fv1_0.fecha_expedicion,
        fv1_0.fecha_generacion_huella,
        fv1_0.fecha_modificacion,
        fv1_0.firma_xml,
        fv1_0.importe_total,
        fv1_0.intentos_envio,
        fv1_0.motivo_rechazo,
        fv1_0.numero_factura,
        fv1_0.registro_hash,
        fv1_0.serie_factura,
        fv1_0.tipo_operacion 
    from
        facturas_verifactu fv1_0 
    where
        fv1_0.serie_factura=? 
    order by
        fv1_0.id desc 
    fetch
        first 1 rows only for update
2025-12-14T19:07:40.895+01:00  INFO 12920 --- [pool-3-thread-6] c.v.service.core.InvoiceChainerService   : Encadenando factura TEST/NUM-5
Hibernate: 
    select
        fv1_0.id,
        fv1_0.anterior_hash,
        fv1_0.base_imponible,
        fv1_0.csv_respuesta,
        fv1_0.cuota_total,
        fv1_0.estado,
        fv1_0.fecha_creacion,
        fv1_0.fecha_expedicion,
        fv1_0.fecha_generacion_huella,
        fv1_0.fecha_modificacion,
        fv1_0.firma_xml,
        fv1_0.importe_total,
        fv1_0.intentos_envio,
        fv1_0.motivo_rechazo,
        fv1_0.numero_factura,
        fv1_0.registro_hash,
        fv1_0.serie_factura,
        fv1_0.tipo_operacion 
    from
        facturas_verifactu fv1_0 
    where
        fv1_0.serie_factura=? 
        and fv1_0.numero_factura=?
Hibernate: 
    insert 
    into
        facturas_verifactu
        (anterior_hash, base_imponible, csv_respuesta, cuota_total, estado, fecha_creacion, fecha_expedicion, fecha_generacion_huella, fecha_modificacion, firma_xml, importe_total, intentos_envio, motivo_rechazo, numero_factura, registro_hash, serie_factura, tipo_operacion, id) 
    values
        (?, ?, ?, ?, ?, ?, ?, ?, ?, ?, ?, ?, ?, ?, ?, ?, ?, default)
Hibernate: 
    select
        fv1_0.id,
        fv1_0.anterior_hash,
        fv1_0.base_imponible,
        fv1_0.csv_respuesta,
        fv1_0.cuota_total,
        fv1_0.estado,
        fv1_0.fecha_creacion,
        fv1_0.fecha_expedicion,
        fv1_0.fecha_generacion_huella,
        fv1_0.fecha_modificacion,
        fv1_0.firma_xml,
        fv1_0.importe_total,
        fv1_0.intentos_envio,
        fv1_0.motivo_rechazo,
        fv1_0.numero_factura,
        fv1_0.registro_hash,
        fv1_0.serie_factura,
        fv1_0.tipo_operacion 
    from
        facturas_verifactu fv1_0 
    where
        fv1_0.serie_factura=? 
    order by
        fv1_0.id desc 
    fetch
        first 1 rows only for update
2025-12-14T19:07:40.897+01:00  INFO 12920 --- [ool-3-thread-35] c.v.service.core.InvoiceChainerService   : Encadenando factura TEST/NUM-34
Hibernate: 
    select
        fv1_0.id,
        fv1_0.anterior_hash,
        fv1_0.base_imponible,
        fv1_0.csv_respuesta,
        fv1_0.cuota_total,
        fv1_0.estado,
        fv1_0.fecha_creacion,
        fv1_0.fecha_expedicion,
        fv1_0.fecha_generacion_huella,
        fv1_0.fecha_modificacion,
        fv1_0.firma_xml,
        fv1_0.importe_total,
        fv1_0.intentos_envio,
        fv1_0.motivo_rechazo,
        fv1_0.numero_factura,
        fv1_0.registro_hash,
        fv1_0.serie_factura,
        fv1_0.tipo_operacion 
    from
        facturas_verifactu fv1_0 
    where
        fv1_0.serie_factura=? 
        and fv1_0.numero_factura=?
Hibernate: 
    insert 
    into
        facturas_verifactu
        (anterior_hash, base_imponible, csv_respuesta, cuota_total, estado, fecha_creacion, fecha_expedicion, fecha_generacion_huella, fecha_modificacion, firma_xml, importe_total, intentos_envio, motivo_rechazo, numero_factura, registro_hash, serie_factura, tipo_operacion, id) 
    values
        (?, ?, ?, ?, ?, ?, ?, ?, ?, ?, ?, ?, ?, ?, ?, ?, ?, default)
Hibernate: 
    select
        fv1_0.id,
        fv1_0.anterior_hash,
        fv1_0.base_imponible,
        fv1_0.csv_respuesta,
        fv1_0.cuota_total,
        fv1_0.estado,
        fv1_0.fecha_creacion,
        fv1_0.fecha_expedicion,
        fv1_0.fecha_generacion_huella,
        fv1_0.fecha_modificacion,
        fv1_0.firma_xml,
        fv1_0.importe_total,
        fv1_0.intentos_envio,
        fv1_0.motivo_rechazo,
        fv1_0.numero_factura,
        fv1_0.registro_hash,
        fv1_0.serie_factura,
        fv1_0.tipo_operacion 
    from
        facturas_verifactu fv1_0 
    where
        fv1_0.serie_factura=? 
    order by
        fv1_0.id desc 
    fetch
        first 1 rows only for update
2025-12-14T19:07:40.900+01:00  INFO 12920 --- [ool-3-thread-29] c.v.service.core.InvoiceChainerService   : Encadenando factura TEST/NUM-28
Hibernate: 
    select
        fv1_0.id,
        fv1_0.anterior_hash,
        fv1_0.base_imponible,
        fv1_0.csv_respuesta,
        fv1_0.cuota_total,
        fv1_0.estado,
        fv1_0.fecha_creacion,
        fv1_0.fecha_expedicion,
        fv1_0.fecha_generacion_huella,
        fv1_0.fecha_modificacion,
        fv1_0.firma_xml,
        fv1_0.importe_total,
        fv1_0.intentos_envio,
        fv1_0.motivo_rechazo,
        fv1_0.numero_factura,
        fv1_0.registro_hash,
        fv1_0.serie_factura,
        fv1_0.tipo_operacion 
    from
        facturas_verifactu fv1_0 
    where
        fv1_0.serie_factura=? 
        and fv1_0.numero_factura=?
Hibernate: 
    insert 
    into
        facturas_verifactu
        (anterior_hash, base_imponible, csv_respuesta, cuota_total, estado, fecha_creacion, fecha_expedicion, fecha_generacion_huella, fecha_modificacion, firma_xml, importe_total, intentos_envio, motivo_rechazo, numero_factura, registro_hash, serie_factura, tipo_operacion, id) 
    values
        (?, ?, ?, ?, ?, ?, ?, ?, ?, ?, ?, ?, ?, ?, ?, ?, ?, default)
Hibernate: 
    select
        fv1_0.id,
        fv1_0.anterior_hash,
        fv1_0.base_imponible,
        fv1_0.csv_respuesta,
        fv1_0.cuota_total,
        fv1_0.estado,
        fv1_0.fecha_creacion,
        fv1_0.fecha_expedicion,
        fv1_0.fecha_generacion_huella,
        fv1_0.fecha_modificacion,
        fv1_0.firma_xml,
        fv1_0.importe_total,
        fv1_0.intentos_envio,
        fv1_0.motivo_rechazo,
        fv1_0.numero_factura,
        fv1_0.registro_hash,
        fv1_0.serie_factura,
        fv1_0.tipo_operacion 
    from
        facturas_verifactu fv1_0 
    where
        fv1_0.serie_factura=? 
    order by
        fv1_0.id desc 
    fetch
        first 1 rows only for update
2025-12-14T19:07:40.903+01:00  INFO 12920 --- [ool-3-thread-20] c.v.service.core.InvoiceChainerService   : Encadenando factura TEST/NUM-19
Hibernate: 
    select
        fv1_0.id,
        fv1_0.anterior_hash,
        fv1_0.base_imponible,
        fv1_0.csv_respuesta,
        fv1_0.cuota_total,
        fv1_0.estado,
        fv1_0.fecha_creacion,
        fv1_0.fecha_expedicion,
        fv1_0.fecha_generacion_huella,
        fv1_0.fecha_modificacion,
        fv1_0.firma_xml,
        fv1_0.importe_total,
        fv1_0.intentos_envio,
        fv1_0.motivo_rechazo,
        fv1_0.numero_factura,
        fv1_0.registro_hash,
        fv1_0.serie_factura,
        fv1_0.tipo_operacion 
    from
        facturas_verifactu fv1_0 
    where
        fv1_0.serie_factura=? 
        and fv1_0.numero_factura=?
Hibernate: 
    insert 
    into
        facturas_verifactu
        (anterior_hash, base_imponible, csv_respuesta, cuota_total, estado, fecha_creacion, fecha_expedicion, fecha_generacion_huella, fecha_modificacion, firma_xml, importe_total, intentos_envio, motivo_rechazo, numero_factura, registro_hash, serie_factura, tipo_operacion, id) 
    values
        (?, ?, ?, ?, ?, ?, ?, ?, ?, ?, ?, ?, ?, ?, ?, ?, ?, default)
Hibernate: 
    select
        fv1_0.id,
        fv1_0.anterior_hash,
        fv1_0.base_imponible,
        fv1_0.csv_respuesta,
        fv1_0.cuota_total,
        fv1_0.estado,
        fv1_0.fecha_creacion,
        fv1_0.fecha_expedicion,
        fv1_0.fecha_generacion_huella,
        fv1_0.fecha_modificacion,
        fv1_0.firma_xml,
        fv1_0.importe_total,
        fv1_0.intentos_envio,
        fv1_0.motivo_rechazo,
        fv1_0.numero_factura,
        fv1_0.registro_hash,
        fv1_0.serie_factura,
        fv1_0.tipo_operacion 
    from
        facturas_verifactu fv1_0 
    where
        fv1_0.serie_factura=? 
    order by
        fv1_0.id desc 
    fetch
        first 1 rows only for update
2025-12-14T19:07:40.905+01:00  INFO 12920 --- [ool-3-thread-32] c.v.service.core.InvoiceChainerService   : Encadenando factura TEST/NUM-31
Hibernate: 
    select
        fv1_0.id,
        fv1_0.anterior_hash,
        fv1_0.base_imponible,
        fv1_0.csv_respuesta,
        fv1_0.cuota_total,
        fv1_0.estado,
        fv1_0.fecha_creacion,
        fv1_0.fecha_expedicion,
        fv1_0.fecha_generacion_huella,
        fv1_0.fecha_modificacion,
        fv1_0.firma_xml,
        fv1_0.importe_total,
        fv1_0.intentos_envio,
        fv1_0.motivo_rechazo,
        fv1_0.numero_factura,
        fv1_0.registro_hash,
        fv1_0.serie_factura,
        fv1_0.tipo_operacion 
    from
        facturas_verifactu fv1_0 
    where
        fv1_0.serie_factura=? 
        and fv1_0.numero_factura=?
Hibernate: 
    insert 
    into
        facturas_verifactu
        (anterior_hash, base_imponible, csv_respuesta, cuota_total, estado, fecha_creacion, fecha_expedicion, fecha_generacion_huella, fecha_modificacion, firma_xml, importe_total, intentos_envio, motivo_rechazo, numero_factura, registro_hash, serie_factura, tipo_operacion, id) 
    values
        (?, ?, ?, ?, ?, ?, ?, ?, ?, ?, ?, ?, ?, ?, ?, ?, ?, default)
Hibernate: 
    select
        fv1_0.id,
        fv1_0.anterior_hash,
        fv1_0.base_imponible,
        fv1_0.csv_respuesta,
        fv1_0.cuota_total,
        fv1_0.estado,
        fv1_0.fecha_creacion,
        fv1_0.fecha_expedicion,
        fv1_0.fecha_generacion_huella,
        fv1_0.fecha_modificacion,
        fv1_0.firma_xml,
[...]
        first 1 rows only for update
2025-12-14T19:07:40.942+01:00  INFO 12920 --- [pool-3-thread-8] c.v.service.core.InvoiceChainerService   : Encadenando factura TEST/NUM-7
Hibernate: 
    select
        fv1_0.id,
        fv1_0.anterior_hash,
        fv1_0.base_imponible,
        fv1_0.csv_respuesta,
        fv1_0.cuota_total,
        fv1_0.estado,
        fv1_0.fecha_creacion,
        fv1_0.fecha_expedicion,
        fv1_0.fecha_generacion_huella,
        fv1_0.fecha_modificacion,
        fv1_0.firma_xml,
        fv1_0.importe_total,
        fv1_0.intentos_envio,
        fv1_0.motivo_rechazo,
        fv1_0.numero_factura,
        fv1_0.registro_hash,
        fv1_0.serie_factura,
        fv1_0.tipo_operacion 
    from
        facturas_verifactu fv1_0 
    where
        fv1_0.serie_factura=? 
        and fv1_0.numero_factura=?
Hibernate: 
    insert 
    into
        facturas_verifactu
        (anterior_hash, base_imponible, csv_respuesta, cuota_total, estado, fecha_creacion, fecha_expedicion, fecha_generacion_huella, fecha_modificacion, firma_xml, importe_total, intentos_envio, motivo_rechazo, numero_factura, registro_hash, serie_factura, tipo_operacion, id) 
    values
        (?, ?, ?, ?, ?, ?, ?, ?, ?, ?, ?, ?, ?, ?, ?, ?, ?, default)
Hibernate: 
    select
        fv1_0.id,
        fv1_0.anterior_hash,
        fv1_0.base_imponible,
        fv1_0.csv_respuesta,
        fv1_0.cuota_total,
        fv1_0.estado,
        fv1_0.fecha_creacion,
        fv1_0.fecha_expedicion,
        fv1_0.fecha_generacion_huella,
        fv1_0.fecha_modificacion,
        fv1_0.firma_xml,
        fv1_0.importe_total,
        fv1_0.intentos_envio,
        fv1_0.motivo_rechazo,
        fv1_0.numero_factura,
        fv1_0.registro_hash,
        fv1_0.serie_factura,
        fv1_0.tipo_operacion 
    from
        facturas_verifactu fv1_0 
    where
        fv1_0.serie_factura=? 
    order by
        fv1_0.id desc 
    fetch
        first 1 rows only for update
2025-12-14T19:07:40.946+01:00  INFO 12920 --- [pool-3-thread-7] c.v.service.core.InvoiceChainerService   : Encadenando factura TEST/NUM-6
Hibernate: 
    select
        fv1_0.id,
        fv1_0.anterior_hash,
        fv1_0.base_imponible,
        fv1_0.csv_respuesta,
        fv1_0.cuota_total,
        fv1_0.estado,
        fv1_0.fecha_creacion,
        fv1_0.fecha_expedicion,
        fv1_0.fecha_generacion_huella,
        fv1_0.fecha_modificacion,
        fv1_0.firma_xml,
        fv1_0.importe_total,
        fv1_0.intentos_envio,
        fv1_0.motivo_rechazo,
        fv1_0.numero_factura,
        fv1_0.registro_hash,
        fv1_0.serie_factura,
        fv1_0.tipo_operacion 
    from
        facturas_verifactu fv1_0 
    where
        fv1_0.serie_factura=? 
        and fv1_0.numero_factura=?
Hibernate: 
    insert 
    into
        facturas_verifactu
        (anterior_hash, base_imponible, csv_respuesta, cuota_total, estado, fecha_creacion, fecha_expedicion, fecha_generacion_huella, fecha_modificacion, firma_xml, importe_total, intentos_envio, motivo_rechazo, numero_factura, registro_hash, serie_factura, tipo_operacion, id) 
    values
        (?, ?, ?, ?, ?, ?, ?, ?, ?, ?, ?, ?, ?, ?, ?, ?, ?, default)
Hibernate: 
    select
        fv1_0.id,
        fv1_0.anterior_hash,
        fv1_0.base_imponible,
        fv1_0.csv_respuesta,
        fv1_0.cuota_total,
        fv1_0.estado,
        fv1_0.fecha_creacion,
        fv1_0.fecha_expedicion,
        fv1_0.fecha_generacion_huella,
        fv1_0.fecha_modificacion,
        fv1_0.firma_xml,
        fv1_0.importe_total,
        fv1_0.intentos_envio,
        fv1_0.motivo_rechazo,
        fv1_0.numero_factura,
        fv1_0.registro_hash,
        fv1_0.serie_factura,
        fv1_0.tipo_operacion 
    from
        facturas_verifactu fv1_0 
    where
        fv1_0.serie_factura=? 
    order by
        fv1_0.id desc 
    fetch
        first 1 rows only for update
2025-12-14T19:07:40.950+01:00  INFO 12920 --- [ool-3-thread-48] c.v.service.core.InvoiceChainerService   : Encadenando factura TEST/NUM-47
Hibernate: 
    select
        fv1_0.id,
        fv1_0.anterior_hash,
        fv1_0.base_imponible,
        fv1_0.csv_respuesta,
        fv1_0.cuota_total,
        fv1_0.estado,
        fv1_0.fecha_creacion,
        fv1_0.fecha_expedicion,
        fv1_0.fecha_generacion_huella,
        fv1_0.fecha_modificacion,
        fv1_0.firma_xml,
        fv1_0.importe_total,
        fv1_0.intentos_envio,
        fv1_0.motivo_rechazo,
        fv1_0.numero_factura,
        fv1_0.registro_hash,
        fv1_0.serie_factura,
        fv1_0.tipo_operacion 
    from
        facturas_verifactu fv1_0 
    where
        fv1_0.serie_factura=? 
        and fv1_0.numero_factura=?
Hibernate: 
    insert 
    into
        facturas_verifactu
        (anterior_hash, base_imponible, csv_respuesta, cuota_total, estado, fecha_creacion, fecha_expedicion, fecha_generacion_huella, fecha_modificacion, firma_xml, importe_total, intentos_envio, motivo_rechazo, numero_factura, registro_hash, serie_factura, tipo_operacion, id) 
    values
        (?, ?, ?, ?, ?, ?, ?, ?, ?, ?, ?, ?, ?, ?, ?, ?, ?, default)
Hibernate: 
    select
        fv1_0.id,
        fv1_0.anterior_hash,
        fv1_0.base_imponible,
        fv1_0.csv_respuesta,
        fv1_0.cuota_total,
        fv1_0.estado,
        fv1_0.fecha_creacion,
        fv1_0.fecha_expedicion,
        fv1_0.fecha_generacion_huella,
        fv1_0.fecha_modificacion,
        fv1_0.firma_xml,
        fv1_0.importe_total,
        fv1_0.intentos_envio,
        fv1_0.motivo_rechazo,
        fv1_0.numero_factura,
        fv1_0.registro_hash,
        fv1_0.serie_factura,
        fv1_0.tipo_operacion 
    from
        facturas_verifactu fv1_0 
    where
        fv1_0.serie_factura=? 
    order by
        fv1_0.id desc 
    fetch
        first 1 rows only for update
2025-12-14T19:07:40.952+01:00  INFO 12920 --- [ool-3-thread-10] c.v.service.core.InvoiceChainerService   : Encadenando factura TEST/NUM-9
Hibernate: 
    select
        fv1_0.id,
        fv1_0.anterior_hash,
        fv1_0.base_imponible,
        fv1_0.csv_respuesta,
        fv1_0.cuota_total,
        fv1_0.estado,
        fv1_0.fecha_creacion,
        fv1_0.fecha_expedicion,
        fv1_0.fecha_generacion_huella,
        fv1_0.fecha_modificacion,
        fv1_0.firma_xml,
        fv1_0.importe_total,
        fv1_0.intentos_envio,
        fv1_0.motivo_rechazo,
        fv1_0.numero_factura,
        fv1_0.registro_hash,
        fv1_0.serie_factura,
        fv1_0.tipo_operacion 
    from
        facturas_verifactu fv1_0 
    where
        fv1_0.serie_factura=? 
        and fv1_0.numero_factura=?
Hibernate: 
    insert 
    into
        facturas_verifactu
        (anterior_hash, base_imponible, csv_respuesta, cuota_total, estado, fecha_creacion, fecha_expedicion, fecha_generacion_huella, fecha_modificacion, firma_xml, importe_total, intentos_envio, motivo_rechazo, numero_factura, registro_hash, serie_factura, tipo_operacion, id) 
    values
        (?, ?, ?, ?, ?, ?, ?, ?, ?, ?, ?, ?, ?, ?, ?, ?, ?, default)
Hibernate: 
    select
        fv1_0.id,
        fv1_0.anterior_hash,
        fv1_0.base_imponible,
        fv1_0.csv_respuesta,
        fv1_0.cuota_total,
        fv1_0.estado,
        fv1_0.fecha_creacion,
        fv1_0.fecha_expedicion,
        fv1_0.fecha_generacion_huella,
        fv1_0.fecha_modificacion,
        fv1_0.firma_xml,
        fv1_0.importe_total,
        fv1_0.intentos_envio,
        fv1_0.motivo_rechazo,
        fv1_0.numero_factura,
        fv1_0.registro_hash,
        fv1_0.serie_factura,
        fv1_0.tipo_operacion 
    from
        facturas_verifactu fv1_0 
    where
        fv1_0.serie_factura=? 
    order by
        fv1_0.id desc 
    fetch
        first 1 rows only for update
2025-12-14T19:07:40.956+01:00  INFO 12920 --- [ool-3-thread-34] c.v.service.core.InvoiceChainerService   : Encadenando factura TEST/NUM-33
Hibernate: 
    select
        fv1_0.id,
        fv1_0.anterior_hash,
        fv1_0.base_imponible,
        fv1_0.csv_respuesta,
        fv1_0.cuota_total,
        fv1_0.estado,
        fv1_0.fecha_creacion,
        fv1_0.fecha_expedicion,
        fv1_0.fecha_generacion_huella,
        fv1_0.fecha_modificacion,
        fv1_0.firma_xml,
        fv1_0.importe_total,
        fv1_0.intentos_envio,
        fv1_0.motivo_rechazo,
        fv1_0.numero_factura,
        fv1_0.registro_hash,
        fv1_0.serie_factura,
        fv1_0.tipo_operacion 
    from
        facturas_verifactu fv1_0 
    where
        fv1_0.serie_factura=? 
        and fv1_0.numero_factura=?
Hibernate: 
    insert 
    into
        facturas_verifactu
        (anterior_hash, base_imponible, csv_respuesta, cuota_total, estado, fecha_creacion, fecha_expedicion, fecha_generacion_huella, fecha_modificacion, firma_xml, importe_total, intentos_envio, motivo_rechazo, numero_factura, registro_hash, serie_factura, tipo_operacion, id) 
    values
        (?, ?, ?, ?, ?, ?, ?, ?, ?, ?, ?, ?, ?, ?, ?, ?, ?, default)
2025-12-14T19:07:40.959+01:00  INFO 12920 --- [ool-3-thread-24] c.v.service.core.InvoiceChainerService   : Encadenando factura TEST/NUM-23
Hibernate: 
    select
        fv1_0.id,
        fv1_0.anterior_hash,
        fv1_0.base_imponible,
        fv1_0.csv_respuesta,
        fv1_0.cuota_total,
        fv1_0.estado,
        fv1_0.fecha_creacion,
        fv1_0.fecha_expedicion,
        fv1_0.fecha_generacion_huella,
        fv1_0.fecha_modificacion,
        fv1_0.firma_xml,
        fv1_0.importe_total,
        fv1_0.intentos_envio,
        fv1_0.motivo_rechazo,
        fv1_0.numero_factura,
        fv1_0.registro_hash,
        fv1_0.serie_factura,
        fv1_0.tipo_operacion 
    from
        facturas_verifactu fv1_0 
    where
        fv1_0.serie_factura=? 
    order by
        fv1_0.id desc 
    fetch
        first 1 rows only for update
Hibernate: 
    select
        fv1_0.id,
        fv1_0.anterior_hash,
        fv1_0.base_imponible,
        fv1_0.csv_respuesta,
        fv1_0.cuota_total,
        fv1_0.estado,
        fv1_0.fecha_creacion,
        fv1_0.fecha_expedicion,
        fv1_0.fecha_generacion_huella,
        fv1_0.fecha_modificacion,
        fv1_0.firma_xml,
        fv1_0.importe_total,
        fv1_0.intentos_envio,
        fv1_0.motivo_rechazo,
        fv1_0.numero_factura,
        fv1_0.registro_hash,
        fv1_0.serie_factura,
        fv1_0.tipo_operacion 
    from
        facturas_verifactu fv1_0 
    where
        fv1_0.serie_factura=? 
        and fv1_0.numero_factura=?
Hibernate: 
    insert 
    into
        facturas_verifactu
        (anterior_hash, base_imponible, csv_respuesta, cuota_total, estado, fecha_creacion, fecha_expedicion, fecha_generacion_huella, fecha_modificacion, firma_xml, importe_total, intentos_envio, motivo_rechazo, numero_factura, registro_hash, serie_factura, tipo_operacion, id) 
    values
        (?, ?, ?, ?, ?, ?, ?, ?, ?, ?, ?, ?, ?, ?, ?, ?, ?, default)
Hibernate: 
    select
        fv1_0.id,
        fv1_0.anterior_hash,
        fv1_0.base_imponible,
        fv1_0.csv_respuesta,
        fv1_0.cuota_total,
        fv1_0.estado,
        fv1_0.fecha_creacion,
        fv1_0.fecha_expedicion,
        fv1_0.fecha_generacion_huella,
        fv1_0.fecha_modificacion,
        fv1_0.firma_xml,
        fv1_0.importe_total,
        fv1_0.intentos_envio,
        fv1_0.motivo_rechazo,
        fv1_0.numero_factura,
        fv1_0.registro_hash,
        fv1_0.serie_factura,
        fv1_0.tipo_operacion 
    from
        facturas_verifactu fv1_0 
    where
        fv1_0.serie_factura=? 
    order by
        fv1_0.id desc 
    fetch
        first 1 rows only for update
2025-12-14T19:07:40.960+01:00  INFO 12920 --- [ool-3-thread-49] c.v.service.core.InvoiceChainerService   : Encadenando factura TEST/NUM-48
Hibernate: 
    select
        fv1_0.id,
        fv1_0.anterior_hash,
        fv1_0.base_imponible,
        fv1_0.csv_respuesta,
        fv1_0.cuota_total,
        fv1_0.estado,
        fv1_0.fecha_creacion,
        fv1_0.fecha_expedicion,
        fv1_0.fecha_generacion_huella,
        fv1_0.fecha_modificacion,
        fv1_0.firma_xml,
        fv1_0.importe_total,
        fv1_0.intentos_envio,
        fv1_0.motivo_rechazo,
        fv1_0.numero_factura,
        fv1_0.registro_hash,
        fv1_0.serie_factura,
        fv1_0.tipo_operacion 
    from
        facturas_verifactu fv1_0 
    where
        fv1_0.serie_factura=? 
        and fv1_0.numero_factura=?
Hibernate: 
    insert 
    into
        facturas_verifactu
        (anterior_hash, base_imponible, csv_respuesta, cuota_total, estado, fecha_creacion, fecha_expedicion, fecha_generacion_huella, fecha_modificacion, firma_xml, importe_total, intentos_envio, motivo_rechazo, numero_factura, registro_hash, serie_factura, tipo_operacion, id) 
    values
        (?, ?, ?, ?, ?, ?, ?, ?, ?, ?, ?, ?, ?, ?, ?, ?, ?, default)
Hibernate: 
    select
        fv1_0.id,
        fv1_0.anterior_hash,
        fv1_0.base_imponible,
        fv1_0.csv_respuesta,
        fv1_0.cuota_total,
        fv1_0.estado,
        fv1_0.fecha_creacion,
        fv1_0.fecha_expedicion,
        fv1_0.fecha_generacion_huella,
        fv1_0.fecha_modificacion,
        fv1_0.firma_xml,
        fv1_0.importe_total,
        fv1_0.intentos_envio,
        fv1_0.motivo_rechazo,
        fv1_0.numero_factura,
        fv1_0.registro_hash,
        fv1_0.serie_factura,
        fv1_0.tipo_operacion 
    from
        facturas_verifactu fv1_0 
    where
        fv1_0.serie_factura=? 
    order by
        fv1_0.id desc 
    fetch
        first 1 rows only for update
2025-12-14T19:07:40.964+01:00  INFO 12920 --- [ool-3-thread-45] c.v.service.core.InvoiceChainerService   : Encadenando factura TEST/NUM-44
Hibernate: 
    insert 
    into
        facturas_verifactu
        (anterior_hash, base_imponible, csv_respuesta, cuota_total, estado, fecha_creacion, fecha_expedicion, fecha_generacion_huella, fecha_modificacion, firma_xml, importe_total, intentos_envio, motivo_rechazo, numero_factura, registro_hash, serie_factura, tipo_operacion, id) 
    values
        (?, ?, ?, ?, ?, ?, ?, ?, ?, ?, ?, ?, ?, ?, ?, ?, ?, default)
Hibernate: 
    select
        fv1_0.id,
        fv1_0.anterior_hash,
        fv1_0.base_imponible,
        fv1_0.csv_respuesta,
        fv1_0.cuota_total,
        fv1_0.estado,
        fv1_0.fecha_creacion,
        fv1_0.fecha_expedicion,
        fv1_0.fecha_generacion_huella,
        fv1_0.fecha_modificacion,
        fv1_0.firma_xml,
        fv1_0.importe_total,
        fv1_0.intentos_envio,
        fv1_0.motivo_rechazo,
        fv1_0.numero_factura,
        fv1_0.registro_hash,
        fv1_0.serie_factura,
        fv1_0.tipo_operacion 
    from
        facturas_verifactu fv1_0 
    where
        fv1_0.serie_factura=? 
        and fv1_0.numero_factura=?
Hibernate: 
    select
        fv1_0.id,
        fv1_0.anterior_hash,
        fv1_0.base_imponible,
        fv1_0.csv_respuesta,
        fv1_0.cuota_total,
        fv1_0.estado,
        fv1_0.fecha_creacion,
        fv1_0.fecha_expedicion,
        fv1_0.fecha_generacion_huella,
        fv1_0.fecha_modificacion,
        fv1_0.firma_xml,
        fv1_0.importe_total,
        fv1_0.intentos_envio,
        fv1_0.motivo_rechazo,
        fv1_0.numero_factura,
        fv1_0.registro_hash,
        fv1_0.serie_factura,
        fv1_0.tipo_operacion 
    from
        facturas_verifactu fv1_0 
    where
        fv1_0.serie_factura=? 
    order by
        fv1_0.id desc 
    fetch
        first 1 rows only for update
Hibernate: 
    insert 
    into
        facturas_verifactu
        (anterior_hash, base_imponible, csv_respuesta, cuota_total, estado, fecha_creacion, fecha_expedicion, fecha_generacion_huella, fecha_modificacion, firma_xml, importe_total, intentos_envio, motivo_rechazo, numero_factura, registro_hash, serie_factura, tipo_operacion, id) 
    values
        (?, ?, ?, ?, ?, ?, ?, ?, ?, ?, ?, ?, ?, ?, ?, ?, ?, default)
Hibernate: 
    insert 
    into
        facturas_verifactu
        (anterior_hash, base_imponible, csv_respuesta, cuota_total, estado, fecha_creacion, fecha_expedicion, fecha_generacion_huella, fecha_modificacion, firma_xml, importe_total, intentos_envio, motivo_rechazo, numero_factura, registro_hash, serie_factura, tipo_operacion, id) 
    values
        (?, ?, ?, ?, ?, ?, ?, ?, ?, ?, ?, ?, ?, ?, ?, ?, ?, default)
2025-12-14T19:07:40.973+01:00  INFO 12920 --- [   scheduling-1] com.verifactu.job.AeatRetryScheduler     : Job de Reintento Finalizado.
Hibernate: 
    insert 
    into
        facturas_verifactu
        (anterior_hash, base_imponible, csv_respuesta, cuota_total, estado, fecha_creacion, fecha_expedicion, fecha_generacion_huella, fecha_modificacion, firma_xml, importe_total, intentos_envio, motivo_rechazo, numero_factura, registro_hash, serie_factura, tipo_operacion, id) 
    values
        (?, ?, ?, ?, ?, ?, ?, ?, ?, ?, ?, ?, ?, ?, ?, ?, ?, default)
Hibernate: 
    insert 
    into
        facturas_verifactu
        (anterior_hash, base_imponible, csv_respuesta, cuota_total, estado, fecha_creacion, fecha_expedicion, fecha_generacion_huella, fecha_modificacion, firma_xml, importe_total, intentos_envio, motivo_rechazo, numero_factura, registro_hash, serie_factura, tipo_operacion, id) 
    values
        (?, ?, ?, ?, ?, ?, ?, ?, ?, ?, ?, ?, ?, ?, ?, ?, ?, default)
Hibernate: 
    insert 
    into
        facturas_verifactu
        (anterior_hash, base_imponible, csv_respuesta, cuota_total, estado, fecha_creacion, fecha_expedicion, fecha_generacion_huella, fecha_modificacion, firma_xml, importe_total, intentos_envio, motivo_rechazo, numero_factura, registro_hash, serie_factura, tipo_operacion, id) 
    values
        (?, ?, ?, ?, ?, ?, ?, ?, ?, ?, ?, ?, ?, ?, ?, ?, ?, default)
Hibernate: 
    insert 
    into
        facturas_verifactu
        (anterior_hash, base_imponible, csv_respuesta, cuota_total, estado, fecha_creacion, fecha_expedicion, fecha_generacion_huella, fecha_modificacion, firma_xml, importe_total, intentos_envio, motivo_rechazo, numero_factura, registro_hash, serie_factura, tipo_operacion, id) 
    values
        (?, ?, ?, ?, ?, ?, ?, ?, ?, ?, ?, ?, ?, ?, ?, ?, ?, default)
Hibernate: 
    insert 
    into
        facturas_verifactu
        (anterior_hash, base_imponible, csv_respuesta, cuota_total, estado, fecha_creacion, fecha_expedicion, fecha_generacion_huella, fecha_modificacion, firma_xml, importe_total, intentos_envio, motivo_rechazo, numero_factura, registro_hash, serie_factura, tipo_operacion, id) 
    values
        (?, ?, ?, ?, ?, ?, ?, ?, ?, ?, ?, ?, ?, ?, ?, ?, ?, default)
Hibernate: 
    insert 
    into
        facturas_verifactu
        (anterior_hash, base_imponible, csv_respuesta, cuota_total, estado, fecha_creacion, fecha_expedicion, fecha_generacion_huella, fecha_modificacion, firma_xml, importe_total, intentos_envio, motivo_rechazo, numero_factura, registro_hash, serie_factura, tipo_operacion, id) 
    values
        (?, ?, ?, ?, ?, ?, ?, ?, ?, ?, ?, ?, ?, ?, ?, ?, ?, default)
Hibernate: 
    insert 
    into
        facturas_verifactu
        (anterior_hash, base_imponible, csv_respuesta, cuota_total, estado, fecha_creacion, fecha_expedicion, fecha_generacion_huella, fecha_modificacion, firma_xml, importe_total, intentos_envio, motivo_rechazo, numero_factura, registro_hash, serie_factura, tipo_operacion, id) 
    values
        (?, ?, ?, ?, ?, ?, ?, ?, ?, ?, ?, ?, ?, ?, ?, ?, ?, default)
Éxitos: 50
Fallos: 0
]]></system-out>
    <system-err><![CDATA[WARNING: A Java agent has been loaded dynamically (C:\Users\Admin\.m2\repository\net\bytebuddy\byte-buddy-agent\1.14.10\byte-buddy-agent-1.14.10.jar)
WARNING: If a serviceability tool is in use, please run with -XX:+EnableDynamicAgentLoading to hide this warning
WARNING: If a serviceability tool is not in use, please run with -Djdk.instrument.traceUsage for more information
WARNING: Dynamic loading of agents will be disallowed by default in a future release
]]></system-err>
  </testcase>
</testsuite>